[I 2025-05-29 11:45:58,604] Trial 34 finished with value: 0.9216624475245616 and parameters: {'base_lr': 0.006595937570561792, 'hidden_channels': 256, 'num_layers': 1, 'dropout': 0.2011231068033416, 'out_channels': 64}. Best is trial 26 with value: 0.9411949077094633.

Epoch 050 | Loss: 0.4196 | Val AUC: 0.9155 | LR: 0.009145
Epoch 045 | Loss: 0.4098 | Val AUC: 0.9199 | LR: 0.003124
Epoch 005 | Loss: 3.1545 | Val AUC: 0.7342 | LR: 0.003363
Epoch 035 | Loss: 0.5179 | Val AUC: 0.9020 | LR: 0.001558
Epoch 035 | Loss: 0.4399 | Val AUC: 0.8626 | LR: 0.001904
Early stopping at epoch 35
Epoch 070 | Loss: 0.4192 | Val AUC: 0.9358 | LR: 0.001657

Best validation AUC: 0.8948
Testing...
Test AUC: 0.7666
Seed set to 42
Loading cached data...
Epoch 050 | Loss: 0.4722 | Val AUC: 0.8691 | LR: 0.001271
Done!
Epoch 065 | Loss: 0.4113 | Val AUC: 0.9236 | LR: 0.001739
Epoch 050 | Loss: 0.4308 | Val AUC: 0.8849 | LR: 0.002279
Epoch 055 | Loss: 0.3931 | Val AUC: 0.9152 | LR: 0.006596
Starting training...
Train edges: 28254
Val edges: 9076
Test edges: 9543
Nodes: 2070
Epoch 005 | Loss: 1.5859 | Val AUC: 0.8361 | LR: 0.003566
Epoch 020 | Loss: 0.4313 | Val AUC: 0.8626 | LR: 0.009633
Epoch 070 | Loss: 0.4325 | Val AUC: 0.9000 | LR: 0.003354
Epoch 020 | Loss: 1.7167 | Val AUC: 0.4659 | LR: 0.001076
Epoch 070 | Loss: 0.4698 | Val AUC: 0.9215 | LR: 0.002214
Untrained Val AUC: 0.5445
Untrained Test AUC: 0.4131
Epoch 010 | Loss: 1.9875 | Val AUC: 0.6731 | LR: 0.003363
Epoch 055 | Loss: 0.4181 | Val AUC: 0.9191 | LR: 0.009145
Epoch 010 | Loss: 1.4633 | Val AUC: 0.8757 | LR: 0.004116
Epoch 050 | Loss: 0.4572 | Val AUC: 0.9251 | LR: 0.003124
Epoch 075 | Loss: 0.4321 | Val AUC: 0.9307 | LR: 0.001657
Epoch 000 | Loss: 4.7038 | Val AUC: 0.8189 | LR: 0.003502
Epoch 055 | Loss: 0.4140 | Val AUC: 0.8784 | LR: 0.001271
Epoch 040 | Loss: 0.5133 | Val AUC: 0.9148 | LR: 0.001558
Epoch 070 | Loss: 0.4595 | Val AUC: 0.9258 | LR: 0.001739
Epoch 025 | Loss: 0.4344 | Val AUC: 0.8733 | LR: 0.009633
Epoch 060 | Loss: 0.4318 | Val AUC: 0.9157 | LR: 0.006596
Epoch 055 | Loss: 0.4513 | Val AUC: 0.8956 | LR: 0.002279
Epoch 025 | Loss: 1.4850 | Val AUC: 0.5120 | LR: 0.001076
Early stopping at epoch 25
Epoch 015 | Loss: 1.1811 | Val AUC: 0.7807 | LR: 0.003363
Epoch 010 | Loss: 0.6941 | Val AUC: 0.7729 | LR: 0.003566
Epoch 060 | Loss: 0.3996 | Val AUC: 0.9190 | LR: 0.009145

Best validation AUC: 0.8084
Testing...
Epoch 075 | Loss: 0.4245 | Val AUC: 0.9062 | LR: 0.003354
Epoch 075 | Loss: 0.4692 | Val AUC: 0.9198 | LR: 0.002214
Test AUC: 0.6390
Seed set to 42
Loading cached data...
Done!
Epoch 055 | Loss: 0.4353 | Val AUC: 0.9275 | LR: 0.003124
Epoch 080 | Loss: 0.4213 | Val AUC: 0.9229 | LR: 0.001657
Epoch 060 | Loss: 0.4148 | Val AUC: 0.8749 | LR: 0.001271
Starting training...
Train edges: 28254
Val edges: 9076
Test edges: 9543
Nodes: 2070
Epoch 005 | Loss: 2.9143 | Val AUC: 0.7462 | LR: 0.003502
Untrained Val AUC: 0.5466
Untrained Test AUC: 0.4135
Epoch 045 | Loss: 0.5186 | Val AUC: 0.9148 | LR: 0.001558
Epoch 015 | Loss: 0.8932 | Val AUC: 0.9097 | LR: 0.004116
Epoch 000 | Loss: 4.7288 | Val AUC: 0.8263 | LR: 0.003162
Epoch 075 | Loss: 0.4716 | Val AUC: 0.9261 | LR: 0.001739
Epoch 065 | Loss: 0.4542 | Val AUC: 0.9217 | LR: 0.006596
Epoch 060 | Loss: 0.4646 | Val AUC: 0.8986 | LR: 0.002279
Early stopping at epoch 60

Best validation AUC: 0.9008
Testing...
Epoch 020 | Loss: 0.7025 | Val AUC: 0.8223 | LR: 0.003363
Epoch 030 | Loss: 0.4075 | Val AUC: 0.8815 | LR: 0.009633
Test AUC: 0.7844
Seed set to 42
Loading cached data...
Done!
Epoch 065 | Loss: 0.4070 | Val AUC: 0.9169 | LR: 0.009145
Epoch 060 | Loss: 0.4352 | Val AUC: 0.9313 | LR: 0.003124
Epoch 015 | Loss: 0.5499 | Val AUC: 0.8807 | LR: 0.003566
Epoch 065 | Loss: 0.4382 | Val AUC: 0.8823 | LR: 0.001271
Starting training...
Train edges: 28254
Val edges: 9076
Test edges: 9543
Nodes: 2070
Epoch 085 | Loss: 0.4488 | Val AUC: 0.9176 | LR: 0.001657
Untrained Val AUC: 0.5464
Untrained Test AUC: 0.4132
Epoch 000 | Loss: 4.8628 | Val AUC: 0.8298 | LR: 0.003516
Epoch 010 | Loss: 1.5905 | Val AUC: 0.6560 | LR: 0.003502
Epoch 080 | Loss: 0.4178 | Val AUC: 0.9092 | LR: 0.003354
Epoch 080 | Loss: 0.4047 | Val AUC: 0.9183 | LR: 0.002214
Epoch 080 | Loss: 0.4012 | Val AUC: 0.9281 | LR: 0.001739
Epoch 070 | Loss: 0.4229 | Val AUC: 0.9216 | LR: 0.006596
Epoch 005 | Loss: 2.9747 | Val AUC: 0.7524 | LR: 0.003162
Epoch 050 | Loss: 0.4533 | Val AUC: 0.9175 | LR: 0.001558
Epoch 025 | Loss: 0.7079 | Val AUC: 0.8557 | LR: 0.003363
Early stopping at epoch 25

Best validation AUC: 0.8569
Testing...
Epoch 035 | Loss: 0.4172 | Val AUC: 0.8870 | LR: 0.009633
Test AUC: 0.7012
Seed set to 42
Loading cached data...
Done!
Epoch 070 | Loss: 0.3898 | Val AUC: 0.9137 | LR: 0.009145
Epoch 070 | Loss: 0.4338 | Val AUC: 0.8811 | LR: 0.001271
Starting training...
Train edges: 28254
Val edges: 9076
Test edges: 9543
Nodes: 2070
Epoch 065 | Loss: 0.4613 | Val AUC: 0.9318 | LR: 0.003124
Epoch 090 | Loss: 0.4358 | Val AUC: 0.9135 | LR: 0.001657
Untrained Val AUC: 0.5477
Untrained Test AUC: 0.4098
Epoch 020 | Loss: 0.6950 | Val AUC: 0.9063 | LR: 0.004116
Epoch 020 | Loss: 0.5769 | Val AUC: 0.9085 | LR: 0.003566
Epoch 000 | Loss: 4.6518 | Val AUC: 0.8261 | LR: 0.003343
Epoch 005 | Loss: 2.6400 | Val AUC: 0.7355 | LR: 0.003516
Epoch 085 | Loss: 0.4579 | Val AUC: 0.9259 | LR: 0.001739
Epoch 015 | Loss: 0.8630 | Val AUC: 0.6280 | LR: 0.003502
Epoch 010 | Loss: 1.8597 | Val AUC: 0.5815 | LR: 0.003162
Epoch 075 | Loss: 0.4244 | Val AUC: 0.9206 | LR: 0.006596
Epoch 085 | Loss: 0.3946 | Val AUC: 0.9130 | LR: 0.003354
Epoch 085 | Loss: 0.5107 | Val AUC: 0.9082 | LR: 0.002214
Epoch 040 | Loss: 0.4155 | Val AUC: 0.8912 | LR: 0.009633
Epoch 075 | Loss: 0.4700 | Val AUC: 0.8837 | LR: 0.001271
Epoch 075 | Loss: 0.3904 | Val AUC: 0.9118 | LR: 0.009145
Epoch 055 | Loss: 0.4464 | Val AUC: 0.9232 | LR: 0.001558
Epoch 070 | Loss: 0.4643 | Val AUC: 0.9315 | LR: 0.003124
Epoch 095 | Loss: 0.4133 | Val AUC: 0.9143 | LR: 0.001657
Early stopping at epoch 95

Best validation AUC: 0.9358
Testing...
Test AUC: 0.8328
Epoch 025 | Loss: 0.4725 | Val AUC: 0.9299 | LR: 0.003566
Epoch 005 | Loss: 2.5937 | Val AUC: 0.7627 | LR: 0.003343
Epoch 090 | Loss: 0.4569 | Val AUC: 0.9262 | LR: 0.001739
Epoch 010 | Loss: 1.9718 | Val AUC: 0.7472 | LR: 0.003516
Epoch 080 | Loss: 0.4931 | Val AUC: 0.8889 | LR: 0.001271
Epoch 080 | Loss: 0.4374 | Val AUC: 0.9199 | LR: 0.006596
Epoch 045 | Loss: 0.4057 | Val AUC: 0.8947 | LR: 0.009633
Epoch 080 | Loss: 0.3978 | Val AUC: 0.9090 | LR: 0.009145
Early stopping at epoch 80

Best validation AUC: 0.9191
Testing...
Epoch 020 | Loss: 0.6298 | Val AUC: 0.9153 | LR: 0.003502
Epoch 015 | Loss: 1.1064 | Val AUC: 0.6427 | LR: 0.003162
Epoch 090 | Loss: 0.4397 | Val AUC: 0.9141 | LR: 0.003354
Epoch 025 | Loss: 0.6947 | Val AUC: 0.8860 | LR: 0.004116
Epoch 090 | Loss: 0.4568 | Val AUC: 0.9095 | LR: 0.002214
Early stopping at epoch 90
Test AUC: 0.8646

Best validation AUC: 0.9242
Testing...
Epoch 075 | Loss: 0.4408 | Val AUC: 0.9326 | LR: 0.003124
Test AUC: 0.8330
Epoch 060 | Loss: 0.4462 | Val AUC: 0.9265 | LR: 0.001558
Epoch 095 | Loss: 0.4190 | Val AUC: 0.9273 | LR: 0.001739
Epoch 010 | Loss: 1.4326 | Val AUC: 0.5300 | LR: 0.003343
Epoch 015 | Loss: 0.8510 | Val AUC: 0.8629 | LR: 0.003516
Epoch 030 | Loss: 0.5378 | Val AUC: 0.9285 | LR: 0.003566
Epoch 085 | Loss: 0.4337 | Val AUC: 0.8889 | LR: 0.001271
Epoch 050 | Loss: 0.4144 | Val AUC: 0.8942 | LR: 0.009633
Epoch 085 | Loss: 0.3779 | Val AUC: 0.9180 | LR: 0.006596
Epoch 020 | Loss: 0.6660 | Val AUC: 0.8691 | LR: 0.003162
Epoch 080 | Loss: 0.4782 | Val AUC: 0.9348 | LR: 0.003124
Epoch 025 | Loss: 0.8190 | Val AUC: 0.9238 | LR: 0.003502
Epoch 095 | Loss: 0.4331 | Val AUC: 0.9156 | LR: 0.003354
Epoch 030 | Loss: 0.5510 | Val AUC: 0.9051 | LR: 0.004116
Epoch 100 | Loss: 0.4678 | Val AUC: 0.9264 | LR: 0.001739
Epoch 015 | Loss: 1.4423 | Val AUC: 0.7704 | LR: 0.003343
Epoch 020 | Loss: 0.7405 | Val AUC: 0.9148 | LR: 0.003516
Epoch 065 | Loss: 0.5198 | Val AUC: 0.9281 | LR: 0.001558
Epoch 090 | Loss: 0.4379 | Val AUC: 0.8932 | LR: 0.001271
Epoch 090 | Loss: 0.3933 | Val AUC: 0.9182 | LR: 0.006596
Early stopping at epoch 90
Epoch 055 | Loss: 0.4082 | Val AUC: 0.8923 | LR: 0.009633

Best validation AUC: 0.9217
Testing...
Test AUC: 0.8963
Epoch 085 | Loss: 0.4094 | Val AUC: 0.9332 | LR: 0.003124
Epoch 035 | Loss: 0.6978 | Val AUC: 0.9308 | LR: 0.003566
Epoch 020 | Loss: 0.6394 | Val AUC: 0.8880 | LR: 0.003343
Epoch 025 | Loss: 0.8383 | Val AUC: 0.8841 | LR: 0.003162[I 2025-05-29 11:45:59,428] Trial 31 finished with value: 0.9280860513180798 and parameters: {'base_lr': 0.001739044342543031, 'hidden_channels': 256, 'num_layers': 3, 'dropout': 0.5566274803413296, 'out_channels': 64}. Best is trial 26 with value: 0.9411949077094633.
[I 2025-05-29 11:46:02,839] Trial 41 finished with value: 0.8947268181563026 and parameters: {'base_lr': 0.009632548536634516, 'hidden_channels': 128, 'num_layers': 1, 'dropout': 0.6593720646662387, 'out_channels': 32}. Best is trial 26 with value: 0.9411949077094633.
[I 2025-05-29 11:46:04,358] Trial 39 finished with value: 0.9348328040710432 and parameters: {'base_lr': 0.0031238923096649908, 'hidden_channels': 256, 'num_layers': 3, 'dropout': 0.5624937289615584, 'out_channels': 64}. Best is trial 26 with value: 0.9411949077094633.
[I 2025-05-29 11:46:07,356] Trial 48 finished with value: 0.9398462988997857 and parameters: {'base_lr': 0.003515604804373113, 'hidden_channels': 256, 'num_layers': 1, 'dropout': 0.6638184119059425, 'out_channels': 256}. Best is trial 26 with value: 0.9411949077094633.
[I 2025-05-29 11:46:07,508] Trial 40 finished with value: 0.8962112468900297 and parameters: {'base_lr': 0.0012706460886451742, 'hidden_channels': 256, 'num_layers': 3, 'dropout': 0.5163845323008021, 'out_channels': 64}. Best is trial 26 with value: 0.9411949077094633.
[I 2025-05-29 11:46:07,833] Trial 38 finished with value: 0.9308245866985628 and parameters: {'base_lr': 0.001557860306583647, 'hidden_channels': 256, 'num_layers': 3, 'dropout': 0.5460243851191392, 'out_channels': 64}. Best is trial 26 with value: 0.9411949077094633.
[I 2025-05-29 11:46:08,208] Trial 23 finished with value: 0.9162244061750914 and parameters: {'base_lr': 0.003354318346064369, 'hidden_channels': 64, 'num_layers': 2, 'dropout': 0.3608964138188263, 'out_channels': 64}. Best is trial 26 with value: 0.9411949077094633.
[I 2025-05-29 11:46:09,148] Trial 46 finished with value: 0.9372397654807035 and parameters: {'base_lr': 0.003501567835304153, 'hidden_channels': 256, 'num_layers': 1, 'dropout': 0.6662528813698715, 'out_channels': 256}. Best is trial 26 with value: 0.9411949077094633.
[I 2025-05-29 11:46:09,854] Trial 45 finished with value: 0.9425835535328623 and parameters: {'base_lr': 0.0035659230292460755, 'hidden_channels': 256, 'num_layers': 1, 'dropout': 0.6671265874118378, 'out_channels': 128}. Best is trial 45 with value: 0.9425835535328623.
[I 2025-05-29 11:46:11,648] Trial 43 finished with value: 0.9359837771671411 and parameters: {'base_lr': 0.0041159489080572955, 'hidden_channels': 256, 'num_layers': 1, 'dropout': 0.6529953966056123, 'out_channels': 256}. Best is trial 45 with value: 0.9425835535328623.
[I 2025-05-29 11:46:12,762] Trial 49 finished with value: 0.9378091457164718 and parameters: {'base_lr': 0.0033430040060483815, 'hidden_channels': 256, 'num_layers': 1, 'dropout': 0.5094764918519444, 'out_channels': 256}. Best is trial 45 with value: 0.9425835535328623.
