[I 2025-05-29 11:45:00,164] A new study created in memory with name: no-name-32147127-bfea-4dee-b681-6f7c7eef7ba6
[I 2025-05-29 11:45:10,403] Trial 6 finished with value: 0.9201595116873116 and parameters: {'base_lr': 0.0003903381906643671, 'hidden_channels': 64, 'num_layers': 1, 'dropout': 0.35268163796556506, 'out_channels': 256}. Best is trial 6 with value: 0.9201595116873116.
Starting Optuna hyperparameter optimization with 50 trials, 16 parallel jobs.
Seed set to 42
Loading cached data...
Seed set to 42
Seed set to 42
Loading cached data...
Loading cached data...
Seed set to 42
Seed set to 42
Loading cached data...
Loading cached data...
Seed set to 42
Loading cached data...
Seed set to 42
Seed set to 42
Loading cached data...
Seed set to 42
Loading cached data...
Loading cached data...
Seed set to 42
Loading cached data...
Seed set to 42
Loading cached data...
Seed set to 42
Loading cached data...
Seed set to 42
Seed set to 42
Loading cached data...
Loading cached data...
Seed set to 42
Loading cached data...
Seed set to 42
Loading cached data...
Done!
Done!
Done!
Done!
Done!
Done!
Done!
Done!
Done!
Done!
Done!
Done!
Done!
Done!
Done!
Done!
Starting training...
Train edges: 28254
Val edges: 9076
Test edges: 9543
Nodes: 2070
Starting training...
Train edges: 28254
Val edges: 9076
Test edges: 9543
Nodes: 2070
Starting training...
Train edges: 28254
Val edges: 9076
Test edges: 9543
Nodes: 2070
Starting training...
Train edges: 28254
Val edges: 9076
Test edges: 9543
Nodes: 2070
Starting training...
Train edges: 28254
Val edges: 9076
Test edges: 9543
Nodes: 2070
Starting training...
Train edges: 28254
Val edges: 9076
Test edges: 9543
Nodes: 2070
Starting training...
Train edges: 28254
Val edges: 9076
Test edges: 9543
Nodes: 2070
Starting training...
Train edges: 28254
Val edges: 9076
Test edges: 9543
Nodes: 2070
Starting training...
Train edges: 28254
Val edges: 9076
Test edges: 9543
Nodes: 2070
Starting training...
Train edges: 28254
Val edges: 9076
Test edges: 9543
Nodes: 2070
Starting training...
Train edges: 28254
Val edges: 9076
Test edges: 9543
Nodes: 2070
Starting training...
Train edges: 28254
Val edges: 9076
Test edges: 9543
Nodes: 2070
Starting training...
Train edges: 28254
Val edges: 9076
Test edges: 9543
Nodes: 2070
Starting training...
Train edges: 28254
Val edges: 9076
Test edges: 9543
Nodes: 2070
Starting training...
Train edges: 28254
Val edges: 9076
Test edges: 9543
Nodes: 2070
Starting training...
Train edges: 28254
Val edges: 9076
Test edges: 9543
Nodes: 2070
Untrained Val AUC: 0.6068
Untrained Test AUC: 0.5575
Untrained Val AUC: 0.6826
Untrained Test AUC: 0.5514
Untrained Val AUC: 0.6062
Untrained Test AUC: 0.4865
Untrained Val AUC: 0.5896
Untrained Test AUC: 0.4250
Untrained Val AUC: 0.7495
Untrained Test AUC: 0.6431
Untrained Val AUC: 0.4513
Untrained Test AUC: 0.3740
Untrained Val AUC: 0.6047
Untrained Test AUC: 0.5148
Untrained Val AUC: 0.7048
Untrained Test AUC: 0.4838
Untrained Val AUC: 0.7422
Untrained Test AUC: 0.5718
Untrained Val AUC: 0.8047
Untrained Test AUC: 0.5811
Untrained Val AUC: 0.6307
Untrained Test AUC: 0.5244
Untrained Val AUC: 0.6089
Untrained Test AUC: 0.6126
Untrained Val AUC: 0.6983
Untrained Test AUC: 0.4870
Untrained Val AUC: 0.5815
Untrained Test AUC: 0.5519
Untrained Val AUC: 0.5618
Untrained Test AUC: 0.5212
Untrained Val AUC: 0.8183
Untrained Test AUC: 0.5734
Epoch 000 | Loss: 3.7786 | Val AUC: 0.7984 | LR: 0.000281
Epoch 000 | Loss: 6.6183 | Val AUC: 0.7937 | LR: 0.000390
Epoch 000 | Loss: 1.6641 | Val AUC: 0.5588 | LR: 0.008537
Epoch 000 | Loss: 9.1214 | Val AUC: 0.8210 | LR: 0.000258
Epoch 000 | Loss: 1.2036 | Val AUC: 0.8271 | LR: 0.000151
Epoch 000 | Loss: 2.9601 | Val AUC: 0.9287 | LR: 0.000914
Epoch 000 | Loss: 13.3164 | Val AUC: 0.6375 | LR: 0.000828
Epoch 000 | Loss: 1.4263 | Val AUC: 0.8247 | LR: 0.000853
Epoch 000 | Loss: 8.2665 | Val AUC: 0.8335 | LR: 0.000381
Epoch 000 | Loss: 0.9766 | Val AUC: 0.8913 | LR: 0.000595
Epoch 000 | Loss: 2.8211 | Val AUC: 0.4672 | LR: 0.000538
Epoch 000 | Loss: 1.4120 | Val AUC: 0.6651 | LR: 0.000852
Epoch 000 | Loss: 6.0775 | Val AUC: 0.8186 | LR: 0.000594
Epoch 000 | Loss: 1.3319 | Val AUC: 0.6543 | LR: 0.005832
Epoch 000 | Loss: 1.1057 | Val AUC: 0.7453 | LR: 0.001869
Epoch 000 | Loss: 4.3191 | Val AUC: 0.7707 | LR: 0.004651
Epoch 005 | Loss: 3.1267 | Val AUC: 0.8604 | LR: 0.000281
Epoch 005 | Loss: 4.9526 | Val AUC: 0.9202 | LR: 0.000390
Epoch 005 | Loss: 0.5574 | Val AUC: 0.7909 | LR: 0.008537
Epoch 005 | Loss: 1.1892 | Val AUC: 0.8985 | LR: 0.004651
Epoch 005 | Loss: 0.5230 | Val AUC: 0.5571 | LR: 0.001869
Epoch 005 | Loss: 2.0785 | Val AUC: 0.4537 | LR: 0.000914
Epoch 005 | Loss: 0.8510 | Val AUC: 0.6949 | LR: 0.000853
Epoch 005 | Loss: 0.9812 | Val AUC: 0.6638 | LR: 0.000151
Epoch 005 | Loss: 7.1407 | Val AUC: 0.8927 | LR: 0.000258
Epoch 005 | Loss: 4.3763 | Val AUC: 0.7071 | LR: 0.000594
Epoch 005 | Loss: 5.9536 | Val AUC: 0.9056 | LR: 0.000381
Epoch 005 | Loss: 7.9200 | Val AUC: 0.8826 | LR: 0.000828
Epoch 005 | Loss: 0.8711 | Val AUC: 0.5994 | LR: 0.000852
Epoch 005 | Loss: 1.9467 | Val AUC: 0.4332 | LR: 0.000538
Epoch 005 | Loss: 0.5856 | Val AUC: 0.4960 | LR: 0.000595
Epoch 005 | Loss: 0.5616 | Val AUC: 0.8382 | LR: 0.005832
Epoch 010 | Loss: 2.7916 | Val AUC: 0.6736 | LR: 0.000281
Epoch 010 | Loss: 4.4084 | Val AUC: 0.8057 | LR: 0.000390
Epoch 010 | Loss: 0.4987 | Val AUC: 0.5848 | LR: 0.001869
Epoch 010 | Loss: 0.6570 | Val AUC: 0.8742 | LR: 0.004651
Epoch 010 | Loss: 0.4747 | Val AUC: 0.8426 | LR: 0.008537
Epoch 010 | Loss: 1.6239 | Val AUC: 0.3733 | LR: 0.000914
Epoch 010 | Loss: 6.4476 | Val AUC: 0.8593 | LR: 0.000258
Epoch 010 | Loss: 1.5449 | Val AUC: 0.4036 | LR: 0.000538
Epoch 010 | Loss: 0.4752 | Val AUC: 0.8456 | LR: 0.005832
Epoch 010 | Loss: 3.7940 | Val AUC: 0.5712 | LR: 0.000594
Epoch 010 | Loss: 0.9192 | Val AUC: 0.6471 | LR: 0.000151
Epoch 010 | Loss: 0.6426 | Val AUC: 0.5548 | LR: 0.000852
Epoch 010 | Loss: 0.5093 | Val AUC: 0.6400 | LR: 0.000595
Epoch 010 | Loss: 5.4285 | Val AUC: 0.8347 | LR: 0.000828
Epoch 010 | Loss: 5.1556 | Val AUC: 0.7819 | LR: 0.000381
Epoch 010 | Loss: 0.7072 | Val AUC: 0.5797 | LR: 0.000853
Epoch 015 | Loss: 2.5801 | Val AUC: 0.5095 | LR: 0.000281
Epoch 015 | Loss: 4.0068 | Val AUC: 0.6535 | LR: 0.000390
Epoch 015 | Loss: 0.4422 | Val AUC: 0.8863 | LR: 0.008537
Epoch 015 | Loss: 0.4324 | Val AUC: 0.6656 | LR: 0.001869
Epoch 015 | Loss: 0.5575 | Val AUC: 0.8701 | LR: 0.004651
Epoch 015 | Loss: 0.4735 | Val AUC: 0.8522 | LR: 0.005832
Epoch 015 | Loss: 3.4210 | Val AUC: 0.5682 | LR: 0.000594
Epoch 015 | Loss: 6.1630 | Val AUC: 0.8246 | LR: 0.000258
Epoch 015 | Loss: 1.2386 | Val AUC: 0.3862 | LR: 0.000914
Epoch 015 | Loss: 1.3468 | Val AUC: 0.3954 | LR: 0.000538
Epoch 015 | Loss: 4.5907 | Val AUC: 0.7909 | LR: 0.000828
Epoch 015 | Loss: 0.6653 | Val AUC: 0.6001 | LR: 0.000853
Epoch 015 | Loss: 0.4870 | Val AUC: 0.6173 | LR: 0.000595
Epoch 015 | Loss: 0.8256 | Val AUC: 0.6418 | LR: 0.000151
Epoch 015 | Loss: 0.5716 | Val AUC: 0.5076 | LR: 0.000852
Epoch 015 | Loss: 4.5930 | Val AUC: 0.6957 | LR: 0.000381
Epoch 020 | Loss: 3.6561 | Val AUC: 0.5599 | LR: 0.000390
Epoch 020 | Loss: 2.4341 | Val AUC: 0.5583 | LR: 0.000281
Epoch 020 | Loss: 0.4521 | Val AUC: 0.9045 | LR: 0.008537
Epoch 020 | Loss: 0.4430 | Val AUC: 0.7236 | LR: 0.001869
Epoch 020 | Loss: 0.5341 | Val AUC: 0.8695 | LR: 0.004651
Epoch 025 | Loss: 2.1658 | Val AUC: 0.5951 | LR: 0.000281
Epoch 025 | Loss: 3.3189 | Val AUC: 0.5657 | LR: 0.000390
Epoch 020 | Loss: 4.0751 | Val AUC: 0.6432 | LR: 0.000381
Epoch 020 | Loss: 0.4953 | Val AUC: 0.5338 | LR: 0.000852
Epoch 020 | Loss: 0.4539 | Val AUC: 0.8525 | LR: 0.005832
Epoch 020 | Loss: 1.0702 | Val AUC: 0.3520 | LR: 0.000914
Epoch 020 | Loss: 0.6344 | Val AUC: 0.6780 | LR: 0.000853
Epoch 020 | Loss: 0.7775 | Val AUC: 0.6314 | LR: 0.000151
Epoch 020 | Loss: 5.8027 | Val AUC: 0.7511 | LR: 0.000258
Epoch 020 | Loss: 2.9271 | Val AUC: 0.5578 | LR: 0.000594
Epoch 020 | Loss: 0.4408 | Val AUC: 0.6390 | LR: 0.000595
Epoch 020 | Loss: 1.1737 | Val AUC: 0.4020 | LR: 0.000538
Epoch 020 | Loss: 3.5651 | Val AUC: 0.7951 | LR: 0.000828
Epoch 025 | Loss: 0.4617 | Val AUC: 0.8639 | LR: 0.004651
Epoch 025 | Loss: 0.4255 | Val AUC: 0.9060 | LR: 0.008537
Epoch 025 | Loss: 0.4337 | Val AUC: 0.7462 | LR: 0.001869
Epoch 030 | Loss: 2.8841 | Val AUC: 0.6074 | LR: 0.000390
Early stopping at epoch 30

Best validation AUC: 0.9202
Testing...
Test AUC: 0.7832
Seed set to 42
Loading cached data...
Done!
Epoch 030 | Loss: 2.0592 | Val AUC: 0.6442 | LR: 0.000281
Early stopping at epoch 30
[I 2025-05-29 11:45:10,692] Trial 3 finished with value: 0.8603728752218425 and parameters: {'base_lr': 0.00028084302265427556, 'hidden_channels': 64, 'num_layers': 1, 'dropout': 0.4819991877102394, 'out_channels': 128}. Best is trial 6 with value: 0.9201595116873116.
[I 2025-05-29 11:45:11,018] Trial 8 finished with value: 0.8984745582137694 and parameters: {'base_lr': 0.004651387736872081, 'hidden_channels': 64, 'num_layers': 3, 'dropout': 0.42853806076752865, 'out_channels': 128}. Best is trial 6 with value: 0.9201595116873116.
[I 2025-05-29 11:45:11,454] Trial 10 finished with value: 0.6650740339983929 and parameters: {'base_lr': 0.0008522633541071398, 'hidden_channels': 64, 'num_layers': 2, 'dropout': 0.12936367161683815, 'out_channels': 32}. Best is trial 6 with value: 0.9201595116873116.
[I 2025-05-29 11:45:11,456] Trial 7 finished with value: 0.8913423551203965 and parameters: {'base_lr': 0.000594968503331537, 'hidden_channels': 256, 'num_layers': 2, 'dropout': 0.24230484232729482, 'out_channels': 16}. Best is trial 6 with value: 0.9201595116873116.
[I 2025-05-29 11:45:11,457] Trial 1 finished with value: 0.4672175705530362 and parameters: {'base_lr': 0.0005384571742205123, 'hidden_channels': 32, 'num_layers': 2, 'dropout': 0.4081607324467381, 'out_channels': 64}. Best is trial 6 with value: 0.9201595116873116.
[I 2025-05-29 11:45:11,459] Trial 14 finished with value: 0.8270544013910447 and parameters: {'base_lr': 0.00015084103526674428, 'hidden_channels': 32, 'num_layers': 2, 'dropout': 0.32304730889305744, 'out_channels': 16}. Best is trial 6 with value: 0.9201595116873116.
[I 2025-05-29 11:45:11,460] Trial 5 finished with value: 0.8247388950580583 and parameters: {'base_lr': 0.0008528185306854988, 'hidden_channels': 64, 'num_layers': 2, 'dropout': 0.7775239414027469, 'out_channels': 16}. Best is trial 6 with value: 0.9201595116873116.
[I 2025-05-29 11:45:11,475] Trial 12 finished with value: 0.9287416058236787 and parameters: {'base_lr': 0.0009137179235081025, 'hidden_channels': 256, 'num_layers': 1, 'dropout': 0.5224702394001419, 'out_channels': 128}. Best is trial 12 with value: 0.9287416058236787.
[I 2025-05-29 11:45:11,483] Trial 9 finished with value: 0.8186482916602003 and parameters: {'base_lr': 0.0005943752349885114, 'hidden_channels': 128, 'num_layers': 1, 'dropout': 0.7324568470055871, 'out_channels': 256}. Best is trial 12 with value: 0.9287416058236787.
[I 2025-05-29 11:45:13,172] Trial 11 finished with value: 0.905561328158612 and parameters: {'base_lr': 0.0003806512723856253, 'hidden_channels': 32, 'num_layers': 2, 'dropout': 0.34480213470248944, 'out_channels': 256}. Best is trial 12 with value: 0.9287416058236787.
[I 2025-05-29 11:45:13,203] Trial 4 finished with value: 0.8926564687285914 and parameters: {'base_lr': 0.0002576422664018518, 'hidden_channels': 64, 'num_layers': 1, 'dropout': 0.791692668588456, 'out_channels': 256}. Best is trial 12 with value: 0.9287416058236787.
[I 2025-05-29 11:45:13,243] Trial 2 finished with value: 0.8825876453690797 and parameters: {'base_lr': 0.0008279498688309646, 'hidden_channels': 32, 'num_layers': 1, 'dropout': 0.7558807316764169, 'out_channels': 256}. Best is trial 12 with value: 0.9287416058236787.
[I 2025-05-29 11:45:18,038] Trial 16 finished with value: 0.7902391168762253 and parameters: {'base_lr': 0.00011344659318087964, 'hidden_channels': 128, 'num_layers': 1, 'dropout': 0.5845810677091265, 'out_channels': 32}. Best is trial 12 with value: 0.9287416058236787.

Best validation AUC: 0.8604
Testing...
Test AUC: 0.8243
Seed set to 42
Loading cached data...
Starting training...
Train edges: 28254
Val edges: 9076
Test edges: 9543
Nodes: 2070
Epoch 030 | Loss: 0.4184 | Val AUC: 0.7849 | LR: 0.001869
Epoch 030 | Loss: 0.4172 | Val AUC: 0.8954 | LR: 0.008537
Epoch 030 | Loss: 0.4704 | Val AUC: 0.8724 | LR: 0.004651
Early stopping at epoch 30
Done!

Best validation AUC: 0.8985
Testing...
Untrained Val AUC: 0.5539
Untrained Test AUC: 0.5400
Test AUC: 0.7290
Seed set to 42
Loading cached data...
Starting training...
Train edges: 28254
Val edges: 9076
Test edges: 9543
Nodes: 2070
Untrained Val AUC: 0.5101
Untrained Test AUC: 0.4345
Epoch 000 | Loss: 1.5473 | Val AUC: 0.7902 | LR: 0.000113
Done!
Epoch 000 | Loss: 1.8104 | Val AUC: 0.5371 | LR: 0.000609
Starting training...
Train edges: 28254
Val edges: 9076
Test edges: 9543
Nodes: 2070
Epoch 025 | Loss: 5.0849 | Val AUC: 0.7624 | LR: 0.000258
Epoch 025 | Loss: 1.0277 | Val AUC: 0.4173 | LR: 0.000538
Early stopping at epoch 25
Epoch 025 | Loss: 0.7530 | Val AUC: 0.6275 | LR: 0.000151
Early stopping at epoch 25
Epoch 025 | Loss: 0.7350 | Val AUC: 0.4155 | LR: 0.000914
Early stopping at epoch 25
Epoch 025 | Loss: 3.0627 | Val AUC: 0.8134 | LR: 0.000828
Epoch 025 | Loss: 0.5985 | Val AUC: 0.7520 | LR: 0.000853
Early stopping at epoch 25
Epoch 025 | Loss: 0.5104 | Val AUC: 0.6365 | LR: 0.000852
Early stopping at epoch 25
Epoch 025 | Loss: 3.5975 | Val AUC: 0.6246 | LR: 0.000381
Epoch 025 | Loss: 0.4442 | Val AUC: 0.6867 | LR: 0.000595
Early stopping at epoch 25
Epoch 025 | Loss: 0.4508 | Val AUC: 0.8573 | LR: 0.005832
Epoch 025 | Loss: 2.3853 | Val AUC: 0.5437 | LR: 0.000594
Early stopping at epoch 25

Best validation AUC: 0.4672
Testing...

Best validation AUC: 0.8271
Testing...

Best validation AUC: 0.8913
Testing...

Best validation AUC: 0.9287
Testing...

Best validation AUC: 0.6651
Testing...

Best validation AUC: 0.8247
Testing...

Best validation AUC: 0.8186
Testing...
Untrained Val AUC: 0.5049
Untrained Test AUC: 0.4920
Test AUC: 0.4917
Test AUC: 0.6948
Test AUC: 0.3924
Test AUC: 0.7827
Test AUC: 0.7440
Test AUC: 0.7881
Test AUC: 0.7168
Seed set to 42
Loading cached data...
Seed set to 42
Loading cached data...
Seed set to 42
Loading cached data...
Seed set to 42
Loading cached data...
Seed set to 42
Loading cached data...
Seed set to 42
Loading cached data...
Seed set to 42
Loading cached data...
Done!
Done!
Done!
Done!
Done!
Done!
Done!
Starting training...
Train edges: 28254
Val edges: 9076
Test edges: 9543
Nodes: 2070
Starting training...
Train edges: 28254
Val edges: 9076
Test edges: 9543
Nodes: 2070
Epoch 000 | Loss: 3.4483 | Val AUC: 0.6007 | LR: 0.001538
Starting training...
Train edges: 28254
Val edges: 9076
Test edges: 9543
Nodes: 2070
Starting training...
Train edges: 28254
Val edges: 9076
Test edges: 9543
Nodes: 2070
Starting training...
Train edges: 28254
Val edges: 9076
Test edges: 9543
Nodes: 2070
Starting training...
Train edges: 28254
Val edges: 9076
Test edges: 9543
Nodes: 2070
Starting training...
Train edges: 28254
Val edges: 9076
Test edges: 9543
Nodes: 2070
Untrained Val AUC: 0.5533
Untrained Test AUC: 0.6271
Untrained Val AUC: 0.6111
Untrained Test AUC: 0.4272
Untrained Val AUC: 0.5234
Untrained Test AUC: 0.3805
Untrained Val AUC: 0.5357
Untrained Test AUC: 0.4717
Untrained Val AUC: 0.6364
Untrained Test AUC: 0.5272
Untrained Val AUC: 0.6241
Untrained Test AUC: 0.4967
Untrained Val AUC: 0.5166
Untrained Test AUC: 0.4815
Epoch 035 | Loss: 0.4219 | Val AUC: 0.8074 | LR: 0.001869
Epoch 035 | Loss: 0.4084 | Val AUC: 0.8884 | LR: 0.008537
Epoch 005 | Loss: 1.3194 | Val AUC: 0.6074 | LR: 0.000113
Epoch 000 | Loss: 2.2269 | Val AUC: 0.6844 | LR: 0.003354
Epoch 000 | Loss: 2.1898 | Val AUC: 0.7266 | LR: 0.002214
Epoch 000 | Loss: 3.7649 | Val AUC: 0.6890 | LR: 0.000134
Epoch 000 | Loss: 1.0678 | Val AUC: 0.8644 | LR: 0.005688
Epoch 000 | Loss: 5.2777 | Val AUC: 0.8710 | LR: 0.000193
Epoch 000 | Loss: 3.7625 | Val AUC: 0.8370 | LR: 0.002218
Epoch 000 | Loss: 3.2097 | Val AUC: 0.7625 | LR: 0.000378
Epoch 005 | Loss: 1.2592 | Val AUC: 0.8137 | LR: 0.000609
Epoch 030 | Loss: 2.6836 | Val AUC: 0.6153 | LR: 0.000381
Early stopping at epoch 30

Best validation AUC: 0.9056
Testing...
Epoch 030 | Loss: 0.4375 | Val AUC: 0.8590 | LR: 0.005832
Epoch 030 | Loss: 4.8751 | Val AUC: 0.7945 | LR: 0.000258
Early stopping at epoch 30
Epoch 030 | Loss: 2.2501 | Val AUC: 0.8283 | LR: 0.000828
Early stopping at epoch 30

Best validation AUC: 0.8927
Testing...
Test AUC: 0.8002
Seed set to 42
Loading cached data...

Best validation AUC: 0.8826
Testing...
Test AUC: 0.8464
Seed set to 42
Loading cached data...
Test AUC: 0.7646
Done!
Seed set to 42
Loading cached data...
Done!
Epoch 005 | Loss: 2.1187 | Val AUC: 0.5928 | LR: 0.001538
Done!
Starting training...
Train edges: 28254
Val edges: 9076
Test edges: 9543
Nodes: 2070
Epoch 010 | Loss: 1.1953 | Val AUC: 0.5997 | LR: 0.000113
Epoch 040 | Loss: 0.4073 | Val AUC: 0.8876 | LR: 0.008537
Epoch 040 | Loss: 0.4188 | Val AUC: 0.8118 | LR: 0.001869
Starting training...
Train edges: 28254
Val edges: 9076
Test edges: 9543
Nodes: 2070
Untrained Val AUC: 0.5477
Untrained Test AUC: 0.4133
Starting training...
Train edges: 28254
Val edges: 9076
Test edges: 9543
Nodes: 2070
Untrained Val AUC: 0.5153
Untrained Test AUC: 0.5174
Untrained Val AUC: 0.7389
Untrained Test AUC: 0.5840
Epoch 000 | Loss: 4.5601 | Val AUC: 0.8274 | LR: 0.003836
Epoch 010 | Loss: 0.9650 | Val AUC: 0.7294 | LR: 0.000609
Epoch 000 | Loss: 2.8322 | Val AUC: 0.8275 | LR: 0.002417
Epoch 000 | Loss: 2.8516 | Val AUC: 0.8432 | LR: 0.002753
Epoch 035 | Loss: 0.4266 | Val AUC: 0.8599 | LR: 0.005832
Epoch 005 | Loss: 1.1499 | Val AUC: 0.6536 | LR: 0.002214
Epoch 005 | Loss: 0.5476 | Val AUC: 0.7549 | LR: 0.005688
Epoch 005 | Loss: 3.1652 | Val AUC: 0.8722 | LR: 0.000134
Epoch 005 | Loss: 1.0053 | Val AUC: 0.5726 | LR: 0.003354
Epoch 010 | Loss: 1.4449 | Val AUC: 0.5309 | LR: 0.001538
Epoch 005 | Loss: 2.5107 | Val AUC: 0.8363 | LR: 0.000378
Epoch 005 | Loss: 1.9321 | Val AUC: 0.9171 | LR: 0.002218
Epoch 045 | Loss: 0.4158 | Val AUC: 0.8986 | LR: 0.008537
Epoch 045 | Loss: 0.4262 | Val AUC: 0.8374 | LR: 0.001869
Epoch 015 | Loss: 1.1359 | Val AUC: 0.5979 | LR: 0.000113
Epoch 005 | Loss: 3.8680 | Val AUC: 0.5454 | LR: 0.000193
Epoch 005 | Loss: 2.7819 | Val AUC: 0.7640 | LR: 0.003836
Epoch 015 | Loss: 0.8309 | Val AUC: 0.7296 | LR: 0.000609
Epoch 005 | Loss: 1.9394 | Val AUC: 0.6051 | LR: 0.002417
Epoch 005 | Loss: 1.8088 | Val AUC: 0.6558 | LR: 0.002753
Epoch 015 | Loss: 1.0191 | Val AUC: 0.5222 | LR: 0.001538
Epoch 040 | Loss: 0.4299 | Val AUC: 0.8607 | LR: 0.005832
Epoch 050 | Loss: 0.3993 | Val AUC: 0.9110 | LR: 0.008537
Epoch 050 | Loss: 0.4151 | Val AUC: 0.8407 | LR: 0.001869
Epoch 020 | Loss: 1.0519 | Val AUC: 0.6109 | LR: 0.000113
Epoch 010 | Loss: 1.2197 | Val AUC: 0.8158 | LR: 0.002218
Epoch 010 | Loss: 2.1325 | Val AUC: 0.6852 | LR: 0.000378
Epoch 020 | Loss: 0.7163 | Val AUC: 0.7637 | LR: 0.000609
Epoch 010 | Loss: 0.4668 | Val AUC: 0.7549 | LR: 0.005688
Epoch 010 | Loss: 2.9304 | Val AUC: 0.8087 | LR: 0.000134
Epoch 010 | Loss: 0.6119 | Val AUC: 0.5601 | LR: 0.003354
Epoch 010 | Loss: 0.7461 | Val AUC: 0.5216 | LR: 0.002214
Epoch 020 | Loss: 0.6913 | Val AUC: 0.5105 | LR: 0.001538
Epoch 010 | Loss: 1.5137 | Val AUC: 0.7409 | LR: 0.003836
Epoch 055 | Loss: 0.4017 | Val AUC: 0.9169 | LR: 0.008537
Epoch 010 | Loss: 1.3349 | Val AUC: 0.5345 | LR: 0.002417
Epoch 010 | Loss: 1.1450 | Val AUC: 0.6612 | LR: 0.002753
Epoch 010 | Loss: 3.3868 | Val AUC: 0.3999 | LR: 0.000193
Epoch 025 | Loss: 0.9974 | Val AUC: 0.6205 | LR: 0.000113
Early stopping at epoch 25
Epoch 045 | Loss: 0.4126 | Val AUC: 0.8587 | LR: 0.005832
Epoch 055 | Loss: 0.4414 | Val AUC: 0.8503 | LR: 0.001869

Best validation AUC: 0.7902
Testing...
Test AUC: 0.7417
Seed set to 42
Loading cached data...
Epoch 025 | Loss: 0.6960 | Val AUC: 0.7261 | LR: 0.000609
Done!
Epoch 015 | Loss: 0.8612 | Val AUC: 0.7967 | LR: 0.002218
Epoch 015 | Loss: 1.6891 | Val AUC: 0.5479 | LR: 0.000378
Epoch 025 | Loss: 0.6184 | Val AUC: 0.5607 | LR: 0.001538
Early stopping at epoch 25

Best validation AUC: 0.6007
Testing...[I 2025-05-29 11:45:18,443] Trial 18 finished with value: 0.6007003673110725 and parameters: {'base_lr': 0.0015377229113078, 'hidden_channels': 64, 'num_layers': 2, 'dropout': 0.3091489716594086, 'out_channels': 128}. Best is trial 12 with value: 0.9287416058236787.
[I 2025-05-29 11:45:19,471] Trial 17 finished with value: 0.8137015474439341 and parameters: {'base_lr': 0.0006093890560361651, 'hidden_channels': 32, 'num_layers': 1, 'dropout': 0.455276026862128, 'out_channels': 32}. Best is trial 12 with value: 0.9287416058236787.
[I 2025-05-29 11:45:23,068] Trial 27 finished with value: 0.8274578732435428 and parameters: {'base_lr': 0.0024165213105004197, 'hidden_channels': 256, 'num_layers': 1, 'dropout': 0.5892162522658672, 'out_channels': 128}. Best is trial 12 with value: 0.9287416058236787.
[I 2025-05-29 11:45:23,739] Trial 20 finished with value: 0.8362729844993387 and parameters: {'base_lr': 0.00037848975936929854, 'hidden_channels': 128, 'num_layers': 3, 'dropout': 0.29781549588788064, 'out_channels': 128}. Best is trial 12 with value: 0.9287416058236787.
[I 2025-05-29 11:45:23,775] Trial 25 finished with value: 0.917074433980057 and parameters: {'base_lr': 0.002218184553387242, 'hidden_channels': 256, 'num_layers': 3, 'dropout': 0.6032123128982994, 'out_channels': 128}. Best is trial 12 with value: 0.9287416058236787.
[I 2025-05-29 11:45:24,189] Trial 19 finished with value: 0.864433069087424 and parameters: {'base_lr': 0.005687905554594319, 'hidden_channels': 32, 'num_layers': 2, 'dropout': 0.2519465111790208, 'out_channels': 16}. Best is trial 12 with value: 0.9287416058236787.
