[I 2025-05-29 11:45:24,843] Trial 21 finished with value: 0.8710153398819547 and parameters: {'base_lr': 0.0001930403569749409, 'hidden_channels': 256, 'num_layers': 1, 'dropout': 0.32356616351547995, 'out_channels': 256}. Best is trial 12 with value: 0.9287416058236787.
[I 2025-05-29 11:45:24,843] Trial 0 finished with value: 0.8607242431134879 and parameters: {'base_lr': 0.005832380121274981, 'hidden_channels': 128, 'num_layers': 1, 'dropout': 0.7354522402783077, 'out_channels': 16}. Best is trial 12 with value: 0.9287416058236787.
[I 2025-05-29 11:45:26,763] Trial 22 finished with value: 0.8722317707033365 and parameters: {'base_lr': 0.00013383858809305413, 'hidden_channels': 64, 'num_layers': 2, 'dropout': 0.3558733422921869, 'out_channels': 128}. Best is trial 12 with value: 0.9287416058236787.
[I 2025-05-29 11:45:26,980] Trial 15 finished with value: 0.8573648183858903 and parameters: {'base_lr': 0.0018690586209106316, 'hidden_channels': 128, 'num_layers': 3, 'dropout': 0.18040444953284046, 'out_channels': 16}. Best is trial 12 with value: 0.9287416058236787.
[I 2025-05-29 11:45:27,150] Trial 13 finished with value: 0.9179165891339011 and parameters: {'base_lr': 0.008536748453090486, 'hidden_channels': 128, 'num_layers': 3, 'dropout': 0.5925137682911026, 'out_channels': 32}. Best is trial 12 with value: 0.9287416058236787.

Test AUC: 0.5877
Seed set to 42
Loading cached data...
Starting training...
Train edges: 28254
Val edges: 9076
Test edges: 9543
Nodes: 2070
Epoch 060 | Loss: 0.4057 | Val AUC: 0.9164 | LR: 0.008537
Done!
Untrained Val AUC: 0.5357
Untrained Test AUC: 0.4825
Starting training...
Train edges: 28254
Val edges: 9076
Test edges: 9543
Nodes: 2070
Epoch 015 | Loss: 1.0283 | Val AUC: 0.8396 | LR: 0.003836
Untrained Val AUC: 0.5092
Untrained Test AUC: 0.3385
Epoch 000 | Loss: 3.5188 | Val AUC: 0.8177 | LR: 0.002180
Epoch 015 | Loss: 0.4490 | Val AUC: 0.8063 | LR: 0.005688
Epoch 015 | Loss: 0.6703 | Val AUC: 0.6899 | LR: 0.003354
Epoch 015 | Loss: 0.6529 | Val AUC: 0.5756 | LR: 0.002214
Epoch 015 | Loss: 2.6423 | Val AUC: 0.6477 | LR: 0.000134
Epoch 060 | Loss: 0.4160 | Val AUC: 0.8574 | LR: 0.001869
Epoch 030 | Loss: 0.6218 | Val AUC: 0.7143 | LR: 0.000609
Early stopping at epoch 30

Best validation AUC: 0.8137
Testing...
Epoch 000 | Loss: 2.3662 | Val AUC: 0.6737 | LR: 0.001657
Epoch 015 | Loss: 0.8796 | Val AUC: 0.6741 | LR: 0.002417
Epoch 050 | Loss: 0.4248 | Val AUC: 0.8551 | LR: 0.005832
Epoch 015 | Loss: 0.9416 | Val AUC: 0.7764 | LR: 0.002753
Test AUC: 0.6795
Seed set to 42
Loading cached data...
Done!
Epoch 020 | Loss: 1.4455 | Val AUC: 0.4795 | LR: 0.000378
Epoch 020 | Loss: 0.6119 | Val AUC: 0.8243 | LR: 0.002218
Epoch 015 | Loss: 3.2820 | Val AUC: 0.3534 | LR: 0.000193
Epoch 065 | Loss: 0.3968 | Val AUC: 0.9179 | LR: 0.008537
Starting training...
Train edges: 28254
Val edges: 9076
Test edges: 9543
Nodes: 2070
Untrained Val AUC: 0.5060
Untrained Test AUC: 0.3346
Epoch 000 | Loss: 2.3400 | Val AUC: 0.6956 | LR: 0.001739
Epoch 020 | Loss: 0.5878 | Val AUC: 0.8971 | LR: 0.003836
Epoch 065 | Loss: 0.4194 | Val AUC: 0.8562 | LR: 0.001869
Epoch 005 | Loss: 1.6460 | Val AUC: 0.8665 | LR: 0.002180
Epoch 005 | Loss: 0.9644 | Val AUC: 0.5974 | LR: 0.001657
Epoch 020 | Loss: 0.6492 | Val AUC: 0.7861 | LR: 0.002417
Epoch 055 | Loss: 0.4266 | Val AUC: 0.8534 | LR: 0.005832
Epoch 070 | Loss: 0.3967 | Val AUC: 0.9152 | LR: 0.008537
Epoch 025 | Loss: 1.1634 | Val AUC: 0.4729 | LR: 0.000378
Epoch 025 | Loss: 0.5062 | Val AUC: 0.8573 | LR: 0.002218
Epoch 020 | Loss: 0.5630 | Val AUC: 0.6709 | LR: 0.002214
Epoch 020 | Loss: 0.4705 | Val AUC: 0.7487 | LR: 0.003354
Epoch 020 | Loss: 0.6998 | Val AUC: 0.8495 | LR: 0.002753
Epoch 020 | Loss: 0.4327 | Val AUC: 0.8192 | LR: 0.005688
Epoch 020 | Loss: 2.6292 | Val AUC: 0.5251 | LR: 0.000134
Epoch 020 | Loss: 3.0012 | Val AUC: 0.3542 | LR: 0.000193
Epoch 070 | Loss: 0.4246 | Val AUC: 0.8531 | LR: 0.001869
Epoch 005 | Loss: 1.0034 | Val AUC: 0.6119 | LR: 0.001739
Epoch 025 | Loss: 0.6146 | Val AUC: 0.9294 | LR: 0.003836
Epoch 010 | Loss: 0.5606 | Val AUC: 0.6610 | LR: 0.001657
Epoch 075 | Loss: 0.3940 | Val AUC: 0.9102 | LR: 0.008537
Epoch 010 | Loss: 0.7962 | Val AUC: 0.8919 | LR: 0.002180
Epoch 060 | Loss: 0.4192 | Val AUC: 0.8516 | LR: 0.005832
Epoch 025 | Loss: 0.5581 | Val AUC: 0.8255 | LR: 0.002417
Early stopping at epoch 25

Best validation AUC: 0.8275
Testing...
Test AUC: 0.7888
Seed set to 42
Loading cached data...
Done!
Epoch 030 | Loss: 0.8900 | Val AUC: 0.4982 | LR: 0.000378
Early stopping at epoch 30
Epoch 030 | Loss: 0.4729 | Val AUC: 0.8835 | LR: 0.002218
Early stopping at epoch 30

Best validation AUC: 0.8363
Testing...
Starting training...
Train edges: 28254
Val edges: 9076
Test edges: 9543
Nodes: 2070

Best validation AUC: 0.9171
Testing...
Epoch 025 | Loss: 0.6179 | Val AUC: 0.9009 | LR: 0.002753
Test AUC: 0.7074
Seed set to 42
Loading cached data...
Test AUC: 0.7938
Seed set to 42
Loading cached data...
Untrained Val AUC: 0.5109
Untrained Test AUC: 0.3352
Done!
Done!
Epoch 075 | Loss: 0.4094 | Val AUC: 0.8542 | LR: 0.001869
Epoch 025 | Loss: 0.5041 | Val AUC: 0.8438 | LR: 0.002214
Epoch 025 | Loss: 0.4459 | Val AUC: 0.8259 | LR: 0.005688
Early stopping at epoch 25
Starting training...
Train edges: 28254
Val edges: 9076
Test edges: 9543
Nodes: 2070
Starting training...
Train edges: 28254
Val edges: 9076
Test edges: 9543
Nodes: 2070
Epoch 025 | Loss: 0.5372 | Val AUC: 0.8235 | LR: 0.003354
Epoch 025 | Loss: 2.3938 | Val AUC: 0.4417 | LR: 0.000134

Best validation AUC: 0.8644
Testing...
Test AUC: 0.8335
Epoch 080 | Loss: 0.4036 | Val AUC: 0.9102 | LR: 0.008537
Seed set to 42
Loading cached data...
Untrained Val AUC: 0.5999
Untrained Test AUC: 0.4922
Done!
Epoch 015 | Loss: 0.5006 | Val AUC: 0.7328 | LR: 0.001657
Untrained Val AUC: 0.5536
Untrained Test AUC: 0.4344
Epoch 010 | Loss: 0.6019 | Val AUC: 0.6515 | LR: 0.001739
Epoch 030 | Loss: 0.4499 | Val AUC: 0.9384 | LR: 0.003836
Starting training...
Train edges: 28254
Val edges: 9076
Test edges: 9543
Nodes: 2070
Epoch 015 | Loss: 0.7557 | Val AUC: 0.8824 | LR: 0.002180
Epoch 000 | Loss: 1.9391 | Val AUC: 0.7705 | LR: 0.009145
Untrained Val AUC: 0.6355
Untrained Test AUC: 0.5688
Epoch 000 | Loss: 2.0753 | Val AUC: 0.7388 | LR: 0.006596
Epoch 065 | Loss: 0.4203 | Val AUC: 0.8506 | LR: 0.005832
Early stopping at epoch 65
Epoch 025 | Loss: 2.7659 | Val AUC: 0.3760 | LR: 0.000193
Early stopping at epoch 25
Epoch 000 | Loss: 2.4495 | Val AUC: 0.7268 | LR: 0.002279

Best validation AUC: 0.8607
Testing...

Best validation AUC: 0.8710
Testing...
Test AUC: 0.7224
Test AUC: 0.7781
Seed set to 42
Loading cached data...
Seed set to 42
Loading cached data...
Done!
Done!
Epoch 000 | Loss: 1.9777 | Val AUC: 0.8457 | LR: 0.001389
Epoch 080 | Loss: 0.4030 | Val AUC: 0.8543 | LR: 0.001869
Starting training...
Train edges: 28254
Val edges: 9076
Test edges: 9543
Nodes: 2070
Epoch 030 | Loss: 0.4396 | Val AUC: 0.9121 | LR: 0.002753
Starting training...
Train edges: 28254
Val edges: 9076
Test edges: 9543
Nodes: 2070
Untrained Val AUC: 0.5836
Untrained Test AUC: 0.5190
Untrained Val AUC: 0.4256
Untrained Test AUC: 0.4735
Epoch 085 | Loss: 0.3940 | Val AUC: 0.9113 | LR: 0.008537
Epoch 020 | Loss: 0.4891 | Val AUC: 0.7837 | LR: 0.001657
Epoch 035 | Loss: 0.4763 | Val AUC: 0.9412 | LR: 0.003836
Epoch 020 | Loss: 0.5164 | Val AUC: 0.8976 | LR: 0.002180
Epoch 015 | Loss: 0.4851 | Val AUC: 0.7348 | LR: 0.001739
Epoch 000 | Loss: 2.4258 | Val AUC: 0.9170 | LR: 0.001594
Epoch 005 | Loss: 0.6779 | Val AUC: 0.8457 | LR: 0.009145
Epoch 005 | Loss: 0.7891 | Val AUC: 0.8808 | LR: 0.006596
Epoch 000 | Loss: 2.2803 | Val AUC: 0.7861 | LR: 0.001904
Epoch 005 | Loss: 0.9183 | Val AUC: 0.6749 | LR: 0.002279
Epoch 030 | Loss: 2.1924 | Val AUC: 0.4183 | LR: 0.000134
Early stopping at epoch 30
Epoch 030 | Loss: 0.5012 | Val AUC: 0.8613 | LR: 0.003354
Epoch 030 | Loss: 0.4679 | Val AUC: 0.8657 | LR: 0.002214

Best validation AUC: 0.8722
Testing...
Test AUC: 0.7582
Seed set to 42
Loading cached data...
Epoch 085 | Loss: 0.4053 | Val AUC: 0.8492 | LR: 0.001869
Early stopping at epoch 85
Done!

Best validation AUC: 0.8574
Testing...
Test AUC: 0.8132
Seed set to 42
Loading cached data...
Epoch 090 | Loss: 0.3950 | Val AUC: 0.9125 | LR: 0.008537
Early stopping at epoch 90

Best validation AUC: 0.9179
Testing...
Done!
Starting training...
Train edges: 28254
Val edges: 9076
Test edges: 9543
Nodes: 2070
Test AUC: 0.8074
Seed set to 42
Loading cached data...
Done!
Untrained Val AUC: 0.5103
Untrained Test AUC: 0.3362
Starting training...
Train edges: 28254
Val edges: 9076
Test edges: 9543
Nodes: 2070
Epoch 025 | Loss: 0.5050 | Val AUC: 0.8580 | LR: 0.001657
Starting training...
Train edges: 28254
Val edges: 9076
Test edges: 9543
Nodes: 2070
Epoch 035 | Loss: 0.5805 | Val AUC: 0.9226 | LR: 0.002753
Epoch 025 | Loss: 0.5377 | Val AUC: 0.9055 | LR: 0.002180
Untrained Val AUC: 0.5044
Untrained Test AUC: 0.3342
Untrained Val AUC: 0.5086
Untrained Test AUC: 0.3899
Epoch 020 | Loss: 0.5436 | Val AUC: 0.8159 | LR: 0.001739
Epoch 040 | Loss: 0.4508 | Val AUC: 0.9390 | LR: 0.003836
Epoch 005 | Loss: 1.1339 | Val AUC: 0.5492 | LR: 0.001594
Epoch 000 | Loss: 2.3059 | Val AUC: 0.7578 | LR: 0.001271
Epoch 010 | Loss: 0.5941 | Val AUC: 0.8482 | LR: 0.009145
Epoch 005 | Loss: 1.1751 | Val AUC: 0.6707 | LR: 0.001389
Epoch 010 | Loss: 0.5763 | Val AUC: 0.8811 | LR: 0.006596
Epoch 000 | Loss: 2.3331 | Val AUC: 0.7076 | LR: 0.001558
Epoch 000 | Loss: 2.4052 | Val AUC: 0.6984 | LR: 0.003124
Epoch 010 | Loss: 0.6423 | Val AUC: 0.7057 | LR: 0.002279[I 2025-05-29 11:45:35,922] Trial 37 finished with value: 0.9170114770506573 and parameters: {'base_lr': 0.001593573269250752, 'hidden_channels': 256, 'num_layers': 3, 'dropout': 0.5598679305261023, 'out_channels': 64}. Best is trial 12 with value: 0.9287416058236787.
[I 2025-05-29 11:45:36,372] Trial 26 finished with value: 0.9411949077094633 and parameters: {'base_lr': 0.0038361227551330264, 'hidden_channels': 256, 'num_layers': 1, 'dropout': 0.5929211851693589, 'out_channels': 256}. Best is trial 26 with value: 0.9411949077094633.
[I 2025-05-29 11:45:38,708] Trial 35 finished with value: 0.8457196134847575 and parameters: {'base_lr': 0.0013890823738508752, 'hidden_channels': 256, 'num_layers': 1, 'dropout': 0.515318392421257, 'out_channels': 64}. Best is trial 26 with value: 0.9411949077094633.
[I 2025-05-29 11:45:41,317] Trial 29 finished with value: 0.9102693616958872 and parameters: {'base_lr': 0.00217978989651469, 'hidden_channels': 256, 'num_layers': 3, 'dropout': 0.5678552520731647, 'out_channels': 128}. Best is trial 26 with value: 0.9411949077094633.
[I 2025-05-29 11:45:42,252] Trial 28 finished with value: 0.9364191159574864 and parameters: {'base_lr': 0.002753119338062017, 'hidden_channels': 256, 'num_layers': 1, 'dropout': 0.5517526567223373, 'out_channels': 128}. Best is trial 26 with value: 0.9411949077094633.

Epoch 035 | Loss: 0.5136 | Val AUC: 0.8740 | LR: 0.003354
Epoch 035 | Loss: 0.4806 | Val AUC: 0.8867 | LR: 0.002214
Epoch 030 | Loss: 0.5030 | Val AUC: 0.9027 | LR: 0.001657
Epoch 030 | Loss: 0.5892 | Val AUC: 0.9091 | LR: 0.002180
Epoch 040 | Loss: 0.5015 | Val AUC: 0.9324 | LR: 0.002753
Epoch 025 | Loss: 0.5323 | Val AUC: 0.8839 | LR: 0.001739
Epoch 045 | Loss: 0.4674 | Val AUC: 0.9329 | LR: 0.003836
Epoch 005 | Loss: 1.0309 | Val AUC: 0.7793 | LR: 0.001904
Epoch 010 | Loss: 0.7423 | Val AUC: 0.4720 | LR: 0.001594
Epoch 005 | Loss: 1.2506 | Val AUC: 0.7597 | LR: 0.001271
Epoch 005 | Loss: 0.7913 | Val AUC: 0.6690 | LR: 0.003124
Epoch 015 | Loss: 0.5775 | Val AUC: 0.8401 | LR: 0.009145
Epoch 015 | Loss: 0.5340 | Val AUC: 0.9010 | LR: 0.006596
Epoch 010 | Loss: 0.8053 | Val AUC: 0.5646 | LR: 0.001389
Epoch 005 | Loss: 0.9018 | Val AUC: 0.5847 | LR: 0.001558
Epoch 015 | Loss: 0.5596 | Val AUC: 0.7922 | LR: 0.002279
Epoch 040 | Loss: 0.5405 | Val AUC: 0.8861 | LR: 0.003354
Epoch 040 | Loss: 0.4876 | Val AUC: 0.9017 | LR: 0.002214
Epoch 035 | Loss: 0.4417 | Val AUC: 0.9113 | LR: 0.001657
Epoch 035 | Loss: 0.4685 | Val AUC: 0.9103 | LR: 0.002180
Epoch 010 | Loss: 0.5595 | Val AUC: 0.7523 | LR: 0.003124
Epoch 045 | Loss: 0.4187 | Val AUC: 0.9364 | LR: 0.002753
Epoch 030 | Loss: 0.4720 | Val AUC: 0.9018 | LR: 0.001739
Epoch 010 | Loss: 0.8501 | Val AUC: 0.6261 | LR: 0.001271
Epoch 020 | Loss: 0.4861 | Val AUC: 0.8571 | LR: 0.009145
Epoch 020 | Loss: 0.4988 | Val AUC: 0.9120 | LR: 0.006596
Epoch 050 | Loss: 0.4428 | Val AUC: 0.9335 | LR: 0.003836
Epoch 015 | Loss: 0.5576 | Val AUC: 0.6180 | LR: 0.001594
Epoch 010 | Loss: 0.7103 | Val AUC: 0.8948 | LR: 0.001904
Epoch 010 | Loss: 0.7591 | Val AUC: 0.6165 | LR: 0.001558
Epoch 015 | Loss: 0.5814 | Val AUC: 0.5718 | LR: 0.001389
Epoch 040 | Loss: 0.4446 | Val AUC: 0.9244 | LR: 0.001657
Epoch 040 | Loss: 0.4379 | Val AUC: 0.9004 | LR: 0.002180
Epoch 020 | Loss: 0.4885 | Val AUC: 0.8623 | LR: 0.002279
Epoch 015 | Loss: 0.6428 | Val AUC: 0.5269 | LR: 0.001271
Epoch 035 | Loss: 0.4865 | Val AUC: 0.9107 | LR: 0.001739
Epoch 015 | Loss: 0.4768 | Val AUC: 0.8286 | LR: 0.003124
Epoch 045 | Loss: 0.4873 | Val AUC: 0.8976 | LR: 0.003354
Epoch 045 | Loss: 0.5138 | Val AUC: 0.9045 | LR: 0.002214
Epoch 050 | Loss: 0.4649 | Val AUC: 0.9338 | LR: 0.002753
Epoch 025 | Loss: 0.4541 | Val AUC: 0.8785 | LR: 0.009145
Epoch 025 | Loss: 0.5281 | Val AUC: 0.9005 | LR: 0.006596
Epoch 020 | Loss: 0.4975 | Val AUC: 0.7243 | LR: 0.001594
Epoch 055 | Loss: 0.4059 | Val AUC: 0.9331 | LR: 0.003836
Epoch 015 | Loss: 0.4936 | Val AUC: 0.6723 | LR: 0.001558
Epoch 015 | Loss: 0.5598 | Val AUC: 0.8753 | LR: 0.001904
Epoch 020 | Loss: 0.5788 | Val AUC: 0.6263 | LR: 0.001389
Epoch 020 | Loss: 0.5630 | Val AUC: 0.6323 | LR: 0.001271
Epoch 045 | Loss: 0.4555 | Val AUC: 0.9242 | LR: 0.001657
Epoch 045 | Loss: 0.5111 | Val AUC: 0.9000 | LR: 0.002180
Epoch 025 | Loss: 0.4578 | Val AUC: 0.8743 | LR: 0.002279
Epoch 020 | Loss: 0.4695 | Val AUC: 0.8933 | LR: 0.003124
Epoch 040 | Loss: 0.4525 | Val AUC: 0.9116 | LR: 0.001739
Epoch 025 | Loss: 0.5033 | Val AUC: 0.7905 | LR: 0.001594
Early stopping at epoch 25

Best validation AUC: 0.9170
Testing...
Test AUC: 0.8081
Seed set to 42
Loading cached data...
Done!
Epoch 030 | Loss: 0.4525 | Val AUC: 0.8974 | LR: 0.009145
Epoch 030 | Loss: 0.4202 | Val AUC: 0.8991 | LR: 0.006596
Epoch 055 | Loss: 0.4251 | Val AUC: 0.9289 | LR: 0.002753
Epoch 060 | Loss: 0.4215 | Val AUC: 0.9295 | LR: 0.003836
Early stopping at epoch 60
Starting training...
Train edges: 28254
Val edges: 9076
Test edges: 9543
Nodes: 2070

Best validation AUC: 0.9412
Testing...
Test AUC: 0.8414
Seed set to 42
Loading cached data...
Untrained Val AUC: 0.5543
Untrained Test AUC: 0.5417
Done!
Epoch 050 | Loss: 0.4375 | Val AUC: 0.9084 | LR: 0.002214
Epoch 050 | Loss: 0.4378 | Val AUC: 0.9027 | LR: 0.003354
Epoch 025 | Loss: 0.4643 | Val AUC: 0.7702 | LR: 0.001271
Starting training...
Train edges: 28254
Val edges: 9076
Test edges: 9543
Nodes: 2070
Epoch 050 | Loss: 0.4564 | Val AUC: 0.9268 | LR: 0.001657
Untrained Val AUC: 0.5489
Untrained Test AUC: 0.4065
Epoch 050 | Loss: 0.5538 | Val AUC: 0.9035 | LR: 0.002180
Epoch 000 | Loss: 1.5956 | Val AUC: 0.6373 | LR: 0.009633
Epoch 025 | Loss: 0.4638 | Val AUC: 0.9102 | LR: 0.003124
Epoch 030 | Loss: 0.4584 | Val AUC: 0.8894 | LR: 0.002279
Epoch 000 | Loss: 4.7377 | Val AUC: 0.8084 | LR: 0.001076
Epoch 020 | Loss: 0.6188 | Val AUC: 0.7813 | LR: 0.001558
Epoch 045 | Loss: 0.4165 | Val AUC: 0.8972 | LR: 0.001739
Epoch 035 | Loss: 0.4462 | Val AUC: 0.9055 | LR: 0.006596
Epoch 035 | Loss: 0.4309 | Val AUC: 0.9026 | LR: 0.009145
Epoch 020 | Loss: 0.6331 | Val AUC: 0.8829 | LR: 0.001904
Epoch 060 | Loss: 0.4247 | Val AUC: 0.9299 | LR: 0.002753
Epoch 030 | Loss: 0.4452 | Val AUC: 0.8489 | LR: 0.001271
Epoch 055 | Loss: 0.4076 | Val AUC: 0.8949 | LR: 0.003354
Epoch 055 | Loss: 0.4574 | Val AUC: 0.9176 | LR: 0.002214
Epoch 025 | Loss: 0.5513 | Val AUC: 0.8009 | LR: 0.001389
Early stopping at epoch 25

Best validation AUC: 0.8457
Testing...
Test AUC: 0.7900
Seed set to 42
Loading cached data...
Epoch 030 | Loss: 0.4670 | Val AUC: 0.9194 | LR: 0.003124
Done!
Epoch 055 | Loss: 0.4890 | Val AUC: 0.9253 | LR: 0.001657
Epoch 055 | Loss: 0.4756 | Val AUC: 0.9053 | LR: 0.002180
Starting training...
Train edges: 28254
Val edges: 9076
Test edges: 9543
Nodes: 2070
Untrained Val AUC: 0.5454
Untrained Test AUC: 0.4097
Epoch 005 | Loss: 0.5697 | Val AUC: 0.8356 | LR: 0.009633
Epoch 050 | Loss: 0.4682 | Val AUC: 0.9033 | LR: 0.001739
Epoch 005 | Loss: 3.4294 | Val AUC: 0.6367 | LR: 0.001076
Epoch 035 | Loss: 0.4688 | Val AUC: 0.9008 | LR: 0.002279
Epoch 025 | Loss: 0.4796 | Val AUC: 0.8472 | LR: 0.001558
Epoch 035 | Loss: 0.4521 | Val AUC: 0.8683 | LR: 0.001271
Epoch 040 | Loss: 0.4361 | Val AUC: 0.9113 | LR: 0.006596
Epoch 040 | Loss: 0.4435 | Val AUC: 0.9082 | LR: 0.009145
Epoch 065 | Loss: 0.4187 | Val AUC: 0.9266 | LR: 0.002753
Epoch 025 | Loss: 0.5050 | Val AUC: 0.8939 | LR: 0.001904
Epoch 000 | Loss: 4.7548 | Val AUC: 0.8067 | LR: 0.004116
Epoch 060 | Loss: 0.4490 | Val AUC: 0.9242 | LR: 0.002214
Epoch 060 | Loss: 0.4274 | Val AUC: 0.8870 | LR: 0.003354
Epoch 035 | Loss: 0.4304 | Val AUC: 0.9180 | LR: 0.003124
Epoch 060 | Loss: 0.4597 | Val AUC: 0.9307 | LR: 0.001657
Epoch 060 | Loss: 0.4117 | Val AUC: 0.9056 | LR: 0.002180
Early stopping at epoch 60

Best validation AUC: 0.9103
Testing...
Test AUC: 0.7864
Seed set to 42
Loading cached data...
Done!
Epoch 055 | Loss: 0.4254 | Val AUC: 0.9135 | LR: 0.001739
Epoch 010 | Loss: 0.4822 | Val AUC: 0.8230 | LR: 0.009633
Epoch 010 | Loss: 2.9083 | Val AUC: 0.5405 | LR: 0.001076
Epoch 040 | Loss: 0.4234 | Val AUC: 0.8906 | LR: 0.002279
Epoch 040 | Loss: 0.4657 | Val AUC: 0.8688 | LR: 0.001271
Epoch 045 | Loss: 0.4645 | Val AUC: 0.9196 | LR: 0.006596
Starting training...
Train edges: 28254
Val edges: 9076
Test edges: 9543
Nodes: 2070
Epoch 045 | Loss: 0.4445 | Val AUC: 0.9109 | LR: 0.009145
Untrained Val AUC: 0.5449
Untrained Test AUC: 0.4097
Epoch 070 | Loss: 0.4620 | Val AUC: 0.9276 | LR: 0.002753
Early stopping at epoch 70

Best validation AUC: 0.9364
Testing...
Epoch 030 | Loss: 0.4587 | Val AUC: 0.8861 | LR: 0.001558
Test AUC: 0.8277
Seed set to 42
Loading cached data...
Done!
Epoch 000 | Loss: 4.7449 | Val AUC: 0.8569 | LR: 0.003363
Epoch 030 | Loss: 0.5574 | Val AUC: 0.8875 | LR: 0.001904
Epoch 040 | Loss: 0.4279 | Val AUC: 0.9165 | LR: 0.003124
Epoch 065 | Loss: 0.5073 | Val AUC: 0.9357 | LR: 0.001657
Starting training...
Train edges: 28254
Val edges: 9076
Test edges: 9543
Nodes: 2070
Untrained Val AUC: 0.5861
Untrained Test AUC: 0.5597
Epoch 065 | Loss: 0.4424 | Val AUC: 0.8934 | LR: 0.003354
Epoch 065 | Loss: 0.4114 | Val AUC: 0.9242 | LR: 0.002214
Epoch 005 | Loss: 2.7576 | Val AUC: 0.8322 | LR: 0.004116
Epoch 045 | Loss: 0.4284 | Val AUC: 0.8648 | LR: 0.001271
Epoch 060 | Loss: 0.4178 | Val AUC: 0.9201 | LR: 0.001739
Epoch 015 | Loss: 0.4374 | Val AUC: 0.8381 | LR: 0.009633
Epoch 015 | Loss: 2.4914 | Val AUC: 0.5014 | LR: 0.001076
Epoch 050 | Loss: 0.4014 | Val AUC: 0.9160 | LR: 0.006596
Epoch 000 | Loss: 3.0990 | Val AUC: 0.8004 | LR: 0.003566
Epoch 045 | Loss: 0.4212 | Val AUC: 0.8781 | LR: 0.002279[I 2025-05-29 11:45:44,982] Trial 36 finished with value: 0.8948337453900378 and parameters: {'base_lr': 0.0019041659309152008, 'hidden_channels': 256, 'num_layers': 3, 'dropout': 0.5708315443325157, 'out_channels': 64}. Best is trial 26 with value: 0.9411949077094633.
[I 2025-05-29 11:45:48,135] Trial 42 finished with value: 0.8083689583442186 and parameters: {'base_lr': 0.0010762894055574678, 'hidden_channels': 256, 'num_layers': 1, 'dropout': 0.6620847507229606, 'out_channels': 256}. Best is trial 26 with value: 0.9411949077094633.
[I 2025-05-29 11:45:49,729] Trial 32 finished with value: 0.9008204686404081 and parameters: {'base_lr': 0.002279466239571575, 'hidden_channels': 256, 'num_layers': 3, 'dropout': 0.5978426589254654, 'out_channels': 64}. Best is trial 26 with value: 0.9411949077094633.
[I 2025-05-29 11:45:51,621] Trial 44 finished with value: 0.8568670507468299 and parameters: {'base_lr': 0.003363361687610358, 'hidden_channels': 256, 'num_layers': 1, 'dropout': 0.6701457107688307, 'out_channels': 256}. Best is trial 26 with value: 0.9411949077094633.
[I 2025-05-29 11:45:54,239] Trial 30 finished with value: 0.9357990885351667 and parameters: {'base_lr': 0.0016572250007253922, 'hidden_channels': 256, 'num_layers': 3, 'dropout': 0.5655715817914526, 'out_channels': 64}. Best is trial 26 with value: 0.9411949077094633.
[I 2025-05-29 11:45:55,497] Trial 33 finished with value: 0.9191330381649616 and parameters: {'base_lr': 0.009144977645704683, 'hidden_channels': 256, 'num_layers': 1, 'dropout': 0.5878394093992587, 'out_channels': 64}. Best is trial 26 with value: 0.9411949077094633.
[I 2025-05-29 11:45:55,778] Trial 24 finished with value: 0.9241810828242231 and parameters: {'base_lr': 0.0022137847635690234, 'hidden_channels': 128, 'num_layers': 2, 'dropout': 0.5978668924355006, 'out_channels': 64}. Best is trial 26 with value: 0.9411949077094633.
