[I 2025-05-29 11:46:13,278] Trial 47 finished with value: 0.9248770688865836 and parameters: {'base_lr': 0.0031623313340146298, 'hidden_channels': 256, 'num_layers': 1, 'dropout': 0.6603344423586193, 'out_channels': 256}. Best is trial 45 with value: 0.9425835535328623.

Epoch 105 | Loss: 0.3987 | Val AUC: 0.9232 | LR: 0.001739
Early stopping at epoch 105

Best validation AUC: 0.9281
Testing...
Epoch 100 | Loss: 0.4183 | Val AUC: 0.9160 | LR: 0.003354
Epoch 030 | Loss: 0.4199 | Val AUC: 0.9227 | LR: 0.003502
Epoch 035 | Loss: 0.5662 | Val AUC: 0.9258 | LR: 0.004116
Test AUC: 0.8264
Epoch 095 | Loss: 0.4196 | Val AUC: 0.8936 | LR: 0.001271
Epoch 025 | Loss: 0.9115 | Val AUC: 0.9359 | LR: 0.003516
Epoch 070 | Loss: 0.4110 | Val AUC: 0.9295 | LR: 0.001558
Epoch 060 | Loss: 0.4130 | Val AUC: 0.8910 | LR: 0.009633
Epoch 090 | Loss: 0.3951 | Val AUC: 0.9288 | LR: 0.003124
Epoch 040 | Loss: 0.4801 | Val AUC: 0.9342 | LR: 0.003566
Epoch 025 | Loss: 0.6089 | Val AUC: 0.9000 | LR: 0.003343
Epoch 030 | Loss: 0.6698 | Val AUC: 0.8941 | LR: 0.003162
Epoch 100 | Loss: 0.3998 | Val AUC: 0.8962 | LR: 0.001271
Epoch 035 | Loss: 0.6042 | Val AUC: 0.9240 | LR: 0.003502
Epoch 030 | Loss: 0.4506 | Val AUC: 0.9398 | LR: 0.003516
Epoch 065 | Loss: 0.4309 | Val AUC: 0.8893 | LR: 0.009633
Epoch 040 | Loss: 0.5993 | Val AUC: 0.9208 | LR: 0.004116
Epoch 105 | Loss: 0.4149 | Val AUC: 0.9162 | LR: 0.003354
Epoch 075 | Loss: 0.4774 | Val AUC: 0.9308 | LR: 0.001558
Epoch 095 | Loss: 0.4005 | Val AUC: 0.9286 | LR: 0.003124
Epoch 035 | Loss: 0.5444 | Val AUC: 0.9004 | LR: 0.003162
Epoch 045 | Loss: 0.6405 | Val AUC: 0.9355 | LR: 0.003566
Epoch 030 | Loss: 0.7977 | Val AUC: 0.9127 | LR: 0.003343
Epoch 035 | Loss: 0.5992 | Val AUC: 0.9371 | LR: 0.003516
Epoch 105 | Loss: 0.4149 | Val AUC: 0.8948 | LR: 0.001271
Epoch 070 | Loss: 0.3942 | Val AUC: 0.8890 | LR: 0.009633
Early stopping at epoch 70
Epoch 080 | Loss: 0.4136 | Val AUC: 0.9261 | LR: 0.001558

Best validation AUC: 0.8947
Testing...
Epoch 045 | Loss: 0.5006 | Val AUC: 0.9237 | LR: 0.004116
Epoch 110 | Loss: 0.4256 | Val AUC: 0.9122 | LR: 0.003354
Epoch 040 | Loss: 0.5147 | Val AUC: 0.9279 | LR: 0.003502
Test AUC: 0.7623
Epoch 100 | Loss: 0.4131 | Val AUC: 0.9308 | LR: 0.003124
Epoch 040 | Loss: 0.5826 | Val AUC: 0.9078 | LR: 0.003162
Epoch 050 | Loss: 0.3874 | Val AUC: 0.9361 | LR: 0.003566
Epoch 035 | Loss: 0.6266 | Val AUC: 0.9219 | LR: 0.003343
Epoch 040 | Loss: 0.5004 | Val AUC: 0.9334 | LR: 0.003516
Epoch 110 | Loss: 0.4211 | Val AUC: 0.8935 | LR: 0.001271
Epoch 045 | Loss: 0.4611 | Val AUC: 0.9372 | LR: 0.003502
Epoch 105 | Loss: 0.4080 | Val AUC: 0.9261 | LR: 0.003124
Early stopping at epoch 105
Epoch 085 | Loss: 0.4276 | Val AUC: 0.9240 | LR: 0.001558

Best validation AUC: 0.9348
Testing...
Epoch 115 | Loss: 0.3817 | Val AUC: 0.9108 | LR: 0.003354
Test AUC: 0.8680
Epoch 050 | Loss: 0.4864 | Val AUC: 0.9227 | LR: 0.004116
Epoch 055 | Loss: 0.4584 | Val AUC: 0.9404 | LR: 0.003566
Epoch 115 | Loss: 0.3986 | Val AUC: 0.8922 | LR: 0.001271
Epoch 040 | Loss: 0.7859 | Val AUC: 0.9276 | LR: 0.003343
Epoch 045 | Loss: 0.4378 | Val AUC: 0.9147 | LR: 0.003162
Epoch 045 | Loss: 0.6616 | Val AUC: 0.9352 | LR: 0.003516
Epoch 050 | Loss: 0.6582 | Val AUC: 0.9362 | LR: 0.003502
Epoch 090 | Loss: 0.4166 | Val AUC: 0.9230 | LR: 0.001558
Epoch 120 | Loss: 0.4056 | Val AUC: 0.9132 | LR: 0.003354
Epoch 055 | Loss: 0.5612 | Val AUC: 0.9247 | LR: 0.004116
Epoch 060 | Loss: 0.5180 | Val AUC: 0.9426 | LR: 0.003566
Epoch 120 | Loss: 0.4055 | Val AUC: 0.8943 | LR: 0.001271
Epoch 045 | Loss: 0.4494 | Val AUC: 0.9287 | LR: 0.003343
Epoch 050 | Loss: 0.4521 | Val AUC: 0.9193 | LR: 0.003162
Epoch 050 | Loss: 0.5105 | Val AUC: 0.9354 | LR: 0.003516
Epoch 055 | Loss: 0.5182 | Val AUC: 0.9334 | LR: 0.003502
Epoch 095 | Loss: 0.4533 | Val AUC: 0.9181 | LR: 0.001558
Epoch 065 | Loss: 0.5520 | Val AUC: 0.9419 | LR: 0.003566
Epoch 060 | Loss: 0.4435 | Val AUC: 0.9270 | LR: 0.004116
Epoch 125 | Loss: 0.4011 | Val AUC: 0.9109 | LR: 0.003354
Epoch 055 | Loss: 0.4596 | Val AUC: 0.9380 | LR: 0.003516
Early stopping at epoch 55

Best validation AUC: 0.9398
Testing...
Epoch 050 | Loss: 0.4476 | Val AUC: 0.9272 | LR: 0.003343
Epoch 125 | Loss: 0.4225 | Val AUC: 0.8942 | LR: 0.001271
Early stopping at epoch 125
Test AUC: 0.8284
Epoch 055 | Loss: 0.6030 | Val AUC: 0.9141 | LR: 0.003162

Best validation AUC: 0.8962
Testing...
Test AUC: 0.7336
Epoch 060 | Loss: 0.3955 | Val AUC: 0.9342 | LR: 0.003502
Epoch 100 | Loss: 0.4203 | Val AUC: 0.9141 | LR: 0.001558
Early stopping at epoch 100

Best validation AUC: 0.9308
Testing...
Test AUC: 0.8187
Epoch 070 | Loss: 0.4449 | Val AUC: 0.9421 | LR: 0.003566
Epoch 065 | Loss: 0.4276 | Val AUC: 0.9296 | LR: 0.004116
Epoch 130 | Loss: 0.3777 | Val AUC: 0.9062 | LR: 0.003354
Early stopping at epoch 130
Epoch 055 | Loss: 0.4920 | Val AUC: 0.9281 | LR: 0.003343
Epoch 060 | Loss: 0.4349 | Val AUC: 0.9070 | LR: 0.003162

Best validation AUC: 0.9162
Testing...
Test AUC: 0.7955
Epoch 065 | Loss: 0.5357 | Val AUC: 0.9347 | LR: 0.003502
Epoch 075 | Loss: 0.4458 | Val AUC: 0.9399 | LR: 0.003566
Epoch 070 | Loss: 0.4407 | Val AUC: 0.9341 | LR: 0.004116
Epoch 065 | Loss: 0.4208 | Val AUC: 0.9142 | LR: 0.003162
Epoch 060 | Loss: 0.4828 | Val AUC: 0.9267 | LR: 0.003343
Epoch 070 | Loss: 0.4169 | Val AUC: 0.9362 | LR: 0.003502
Early stopping at epoch 70

Best validation AUC: 0.9372
Testing...
Test AUC: 0.8813
Epoch 080 | Loss: 0.4575 | Val AUC: 0.9327 | LR: 0.003566
Epoch 075 | Loss: 0.4516 | Val AUC: 0.9360 | LR: 0.004116
Epoch 070 | Loss: 0.4228 | Val AUC: 0.9190 | LR: 0.003162
Epoch 065 | Loss: 0.4008 | Val AUC: 0.9270 | LR: 0.003343
Epoch 085 | Loss: 0.4600 | Val AUC: 0.9333 | LR: 0.003566
Early stopping at epoch 85

Best validation AUC: 0.9426
Testing...
Test AUC: 0.8186
Epoch 070 | Loss: 0.3918 | Val AUC: 0.9291 | LR: 0.003343
Epoch 080 | Loss: 0.4318 | Val AUC: 0.9342 | LR: 0.004116
Epoch 075 | Loss: 0.4597 | Val AUC: 0.9209 | LR: 0.003162
Epoch 075 | Loss: 0.4025 | Val AUC: 0.9332 | LR: 0.003343
Epoch 080 | Loss: 0.4626 | Val AUC: 0.9220 | LR: 0.003162
Epoch 085 | Loss: 0.4063 | Val AUC: 0.9295 | LR: 0.004116
Epoch 080 | Loss: 0.3894 | Val AUC: 0.9371 | LR: 0.003343
Epoch 090 | Loss: 0.4187 | Val AUC: 0.9288 | LR: 0.004116
Epoch 085 | Loss: 0.4182 | Val AUC: 0.9206 | LR: 0.003162
Epoch 085 | Loss: 0.4434 | Val AUC: 0.9378 | LR: 0.003343
Epoch 095 | Loss: 0.4085 | Val AUC: 0.9274 | LR: 0.004116
Epoch 090 | Loss: 0.4273 | Val AUC: 0.9188 | LR: 0.003162
Epoch 090 | Loss: 0.4575 | Val AUC: 0.9352 | LR: 0.003343
Epoch 095 | Loss: 0.4804 | Val AUC: 0.9183 | LR: 0.003162
Epoch 100 | Loss: 0.4727 | Val AUC: 0.9270 | LR: 0.004116
Early stopping at epoch 100

Best validation AUC: 0.9360
Testing...
Test AUC: 0.8415
Epoch 095 | Loss: 0.3991 | Val AUC: 0.9375 | LR: 0.003343
Epoch 100 | Loss: 0.4267 | Val AUC: 0.9240 | LR: 0.003162
Epoch 100 | Loss: 0.4235 | Val AUC: 0.9350 | LR: 0.003343
Epoch 105 | Loss: 0.4458 | Val AUC: 0.9249 | LR: 0.003162
Epoch 105 | Loss: 0.3800 | Val AUC: 0.9343 | LR: 0.003343
Epoch 110 | Loss: 0.4166 | Val AUC: 0.9222 | LR: 0.003162
Epoch 110 | Loss: 0.4040 | Val AUC: 0.9371 | LR: 0.003343
Early stopping at epoch 110

Best validation AUC: 0.9378
Testing...
Test AUC: 0.8869
Epoch 115 | Loss: 0.4178 | Val AUC: 0.9231 | LR: 0.003162
Epoch 120 | Loss: 0.4267 | Val AUC: 0.9233 | LR: 0.003162
Epoch 125 | Loss: 0.4249 | Val AUC: 0.9243 | LR: 0.003162
Epoch 130 | Loss: 0.4251 | Val AUC: 0.9160 | LR: 0.003162
Early stopping at epoch 130

Best validation AUC: 0.9249
Testing...
Test AUC: 0.8279

Optuna optimization finished.
Best trial:
  Value (Maximized Val AUC): 0.9426
  Params: 
    base_lr: 0.0035659230292460755
    hidden_channels: 256
    num_layers: 1
    dropout: 0.6671265874118378
    out_channels: 128

Running final evaluation with the best configuration found by Optuna...
Performing 5 final runs with best config...
Final run 1/5...
Seed set to 42
Loading cached data...
Done!
Starting training...
Train edges: 28254
Val edges: 9076
Test edges: 9543
Nodes: 2070
Untrained Val AUC: 0.5855
Untrained Test AUC: 0.5582
Epoch 000 | Loss: 3.0569 | Val AUC: 0.8180 | LR: 0.003566
Epoch 005 | Loss: 1.5495 | Val AUC: 0.5757 | LR: 0.003566
Epoch 010 | Loss: 0.9625 | Val AUC: 0.6174 | LR: 0.003566
Epoch 015 | Loss: 0.6319 | Val AUC: 0.8924 | LR: 0.003566
Epoch 020 | Loss: 0.4503 | Val AUC: 0.9196 | LR: 0.003566
Epoch 025 | Loss: 0.6479 | Val AUC: 0.9336 | LR: 0.003566
Epoch 030 | Loss: 0.4143 | Val AUC: 0.9286 | LR: 0.003566
Epoch 035 | Loss: 0.4681 | Val AUC: 0.9286 | LR: 0.003566
Epoch 040 | Loss: 0.4675 | Val AUC: 0.9360 | LR: 0.003566
Epoch 045 | Loss: 0.5895 | Val AUC: 0.9400 | LR: 0.003566
Epoch 050 | Loss: 0.5203 | Val AUC: 0.9384 | LR: 0.003566
Epoch 055 | Loss: 0.3856 | Val AUC: 0.9342 | LR: 0.003566
Epoch 060 | Loss: 0.6011 | Val AUC: 0.9275 | LR: 0.003566
Epoch 065 | Loss: 0.3879 | Val AUC: 0.9266 | LR: 0.003566
Epoch 070 | Loss: 0.4237 | Val AUC: 0.9288 | LR: 0.003566
Early stopping at epoch 70

Best validation AUC: 0.9400
Testing...
Test AUC: 0.8831
Final run 2/5...
Seed set to 42
Loading cached data...
Done!
Starting training...
Train edges: 28254
Val edges: 9076
Test edges: 9543
Nodes: 2070
Untrained Val AUC: 0.5863
Untrained Test AUC: 0.5590
Epoch 000 | Loss: 3.0566 | Val AUC: 0.8147 | LR: 0.003566
Epoch 005 | Loss: 1.5888 | Val AUC: 0.6269 | LR: 0.003566
Epoch 010 | Loss: 1.0598 | Val AUC: 0.5760 | LR: 0.003566
Epoch 015 | Loss: 0.6482 | Val AUC: 0.8783 | LR: 0.003566
Epoch 020 | Loss: 0.5097 | Val AUC: 0.9072 | LR: 0.003566
Epoch 025 | Loss: 0.4362 | Val AUC: 0.9076 | LR: 0.003566
Epoch 030 | Loss: 0.4345 | Val AUC: 0.9048 | LR: 0.003566
Epoch 035 | Loss: 0.4488 | Val AUC: 0.9135 | LR: 0.003566
Epoch 040 | Loss: 0.4892 | Val AUC: 0.9131 | LR: 0.003566
Epoch 045 | Loss: 0.5319 | Val AUC: 0.9165 | LR: 0.003566
Epoch 050 | Loss: 0.4008 | Val AUC: 0.9173 | LR: 0.003566
Epoch 055 | Loss: 0.4481 | Val AUC: 0.9165 | LR: 0.003566
Epoch 060 | Loss: 0.4639 | Val AUC: 0.9158 | LR: 0.003566
Epoch 065 | Loss: 0.3954 | Val AUC: 0.9193 | LR: 0.003566
Epoch 070 | Loss: 0.4677 | Val AUC: 0.9188 | LR: 0.003566
Epoch 075 | Loss: 0.4264 | Val AUC: 0.9150 | LR: 0.003566
Epoch 080 | Loss: 0.4132 | Val AUC: 0.9081 | LR: 0.003566
Epoch 085 | Loss: 0.4825 | Val AUC: 0.9086 | LR: 0.003566
Epoch 090 | Loss: 0.4327 | Val AUC: 0.9113 | LR: 0.003566
Early stopping at epoch 90

Best validation AUC: 0.9193
Testing...
Test AUC: 0.8842
Final run 3/5...
Seed set to 42
Loading cached data...
Done!
Starting training...
Train edges: 28254
Val edges: 9076
Test edges: 9543
Nodes: 2070
Untrained Val AUC: 0.5891
Untrained Test AUC: 0.5624
Epoch 000 | Loss: 3.1263 | Val AUC: 0.7965 | LR: 0.003566
Epoch 005 | Loss: 1.4650 | Val AUC: 0.5929 | LR: 0.003566
Epoch 010 | Loss: 0.9492 | Val AUC: 0.5694 | LR: 0.003566
Epoch 015 | Loss: 0.5484 | Val AUC: 0.8728 | LR: 0.003566
Epoch 020 | Loss: 0.5003 | Val AUC: 0.8986 | LR: 0.003566
Epoch 025 | Loss: 0.4561 | Val AUC: 0.9131 | LR: 0.003566
Epoch 030 | Loss: 0.6056 | Val AUC: 0.9193 | LR: 0.003566
Epoch 035 | Loss: 0.5226 | Val AUC: 0.9217 | LR: 0.003566
Epoch 040 | Loss: 0.5205 | Val AUC: 0.9214 | LR: 0.003566
Epoch 045 | Loss: 0.4626 | Val AUC: 0.9198 | LR: 0.003566
Epoch 050 | Loss: 0.4116 | Val AUC: 0.9213 | LR: 0.003566
Epoch 055 | Loss: 0.4343 | Val AUC: 0.9163 | LR: 0.003566
Epoch 060 | Loss: 0.3918 | Val AUC: 0.9205 | LR: 0.003566
Early stopping at epoch 60

Best validation AUC: 0.9217
Testing...
Test AUC: 0.7652
Final run 4/5...
Seed set to 42
Loading cached data...
Done!
Starting training...
Train edges: 28254
Val edges: 9076
Test edges: 9543
Nodes: 2070
Untrained Val AUC: 0.5865
Untrained Test AUC: 0.5587
Epoch 000 | Loss: 3.0281 | Val AUC: 0.7958 | LR: 0.003566
Epoch 005 | Loss: 1.5605 | Val AUC: 0.5978 | LR: 0.003566
Epoch 010 | Loss: 0.8280 | Val AUC: 0.6110 | LR: 0.003566
Epoch 015 | Loss: 0.8044 | Val AUC: 0.8776 | LR: 0.003566
Epoch 020 | Loss: 0.5168 | Val AUC: 0.8916 | LR: 0.003566
Epoch 025 | Loss: 0.6607 | Val AUC: 0.9111 | LR: 0.003566
Epoch 030 | Loss: 0.6602 | Val AUC: 0.9233 | LR: 0.003566
Epoch 035 | Loss: 0.5417 | Val AUC: 0.9320 | LR: 0.003566
Epoch 040 | Loss: 0.5841 | Val AUC: 0.9315 | LR: 0.003566
Epoch 045 | Loss: 0.4230 | Val AUC: 0.9184 | LR: 0.003566
Epoch 050 | Loss: 0.4479 | Val AUC: 0.9142 | LR: 0.003566
Epoch 055 | Loss: 0.4225 | Val AUC: 0.9085 | LR: 0.003566
Epoch 060 | Loss: 0.3944 | Val AUC: 0.9109 | LR: 0.003566
Early stopping at epoch 60

Best validation AUC: 0.9320
Testing...
Test AUC: 0.8368
Final run 5/5...
Seed set to 42
Loading cached data...
Done!
Starting training...
Train edges: 28254
Val edges: 9076
Test edges: 9543
Nodes: 2070
Untrained Val AUC: 0.5893
Untrained Test AUC: 0.5621
Epoch 000 | Loss: 3.0789 | Val AUC: 0.7970 | LR: 0.003566
Epoch 005 | Loss: 1.4271 | Val AUC: 0.7446 | LR: 0.003566
Epoch 010 | Loss: 0.8517 | Val AUC: 0.5838 | LR: 0.003566
Epoch 015 | Loss: 0.7655 | Val AUC: 0.8672 | LR: 0.003566
Epoch 020 | Loss: 0.5117 | Val AUC: 0.8895 | LR: 0.003566
Epoch 025 | Loss: 0.5512 | Val AUC: 0.9212 | LR: 0.003566
Epoch 030 | Loss: 0.4357 | Val AUC: 0.9307 | LR: 0.003566
Epoch 035 | Loss: 0.4618 | Val AUC: 0.9336 | LR: 0.003566
Epoch 040 | Loss: 0.5146 | Val AUC: 0.9298 | LR: 0.003566
Epoch 045 | Loss: 0.4523 | Val AUC: 0.9309 | LR: 0.003566
Epoch 050 | Loss: 0.4002 | Val AUC: 0.9347 | LR: 0.003566
Epoch 055 | Loss: 0.4129 | Val AUC: 0.9273 | LR: 0.003566
Epoch 060 | Loss: 0.4166 | Val AUC: 0.9177 | LR: 0.003566
Epoch 065 | Loss: 0.4669 | Val AUC: 0.9110 | LR: 0.003566
Epoch 070 | Loss: 0.4153 | Val AUC: 0.9164 | LR: 0.003566
Epoch 075 | Loss: 0.4242 | Val AUC: 0.9204 | LR: 0.003566
Early stopping at epoch 75

Best validation AUC: 0.9347
Testing...
Test AUC: 0.7949

Final Statistics over 5 runs with the best config:
--------------------------------------------------
final_val      : 0.9295 ± 0.0079
final_test     : 0.8329 ± 0.0473
untrained_val  : 0.5873 ± 0.0016
untrained_test : 0.5601 ± 0.0018
--------------------------------------------------

Best configuration details (used for final evaluation):
------------------------------
base_lr          : 0.0035659230292460755
hidden_channels  : 256
num_layers       : 1
dropout          : 0.6671265874118378
out_channels     : 128
------------------------------
